0 verbose cli /usr/local/bin/node /usr/local/bin/npm
1 info using npm@10.9.2
2 info using node@v22.17.0
3 silly config load:file:/usr/local/lib/node_modules/npm/npmrc
4 silly config load:file:/Users/jonathanwerle/Desktop/Command Center/CineFile/.npmrc
5 silly config load:file:/Users/jonathanwerle/.npmrc
6 silly config load:file:/usr/local/etc/npmrc
7 verbose title npm install
8 verbose argv "install"
9 verbose logfile logs-max:10 dir:/Users/jonathanwerle/Desktop/Command Center/CineFile/.npm-cache/_logs/2025-08-28T01_28_52_838Z-
10 verbose logfile /Users/jonathanwerle/Desktop/Command Center/CineFile/.npm-cache/_logs/2025-08-28T01_28_52_838Z-debug-0.log
11 silly logfile start cleaning logs, removing 1 files
12 silly packumentCache heap:4345298944 maxSize:1086324736 maxEntrySize:543162368
13 silly logfile done cleaning log files
14 silly idealTree buildDeps
15 silly reify moves {}
16 silly audit bulk request {
16 silly audit   '@adobe/css-tools': [ '4.4.4' ],
16 silly audit   '@ampproject/remapping': [ '2.3.0' ],
16 silly audit   '@asamuzakjp/css-color': [ '3.2.0' ],
16 silly audit   'lru-cache': [ '10.4.3', '5.1.1' ],
16 silly audit   '@babel/code-frame': [ '7.27.1' ],
16 silly audit   '@babel/compat-data': [ '7.28.0' ],
16 silly audit   '@babel/core': [ '7.28.3' ],
16 silly audit   'convert-source-map': [ '2.0.0', '1.9.0' ],
16 silly audit   semver: [ '6.3.1', '7.7.2' ],
16 silly audit   '@babel/generator': [ '7.28.3' ],
16 silly audit   '@babel/helper-annotate-as-pure': [ '7.27.3' ],
16 silly audit   '@babel/helper-compilation-targets': [ '7.27.2' ],
16 silly audit   '@babel/helper-create-class-features-plugin': [ '7.28.3' ],
16 silly audit   '@babel/helper-create-regexp-features-plugin': [ '7.27.1' ],
16 silly audit   '@babel/helper-define-polyfill-provider': [ '0.6.5' ],
16 silly audit   '@babel/helper-globals': [ '7.28.0' ],
16 silly audit   '@babel/helper-member-expression-to-functions': [ '7.27.1' ],
16 silly audit   '@babel/helper-module-imports': [ '7.27.1' ],
16 silly audit   '@babel/helper-module-transforms': [ '7.28.3' ],
16 silly audit   '@babel/helper-optimise-call-expression': [ '7.27.1' ],
16 silly audit   '@babel/helper-plugin-utils': [ '7.27.1' ],
16 silly audit   '@babel/helper-remap-async-to-generator': [ '7.27.1' ],
16 silly audit   '@babel/helper-replace-supers': [ '7.27.1' ],
16 silly audit   '@babel/helper-skip-transparent-expression-wrappers': [ '7.27.1' ],
16 silly audit   '@babel/helper-string-parser': [ '7.27.1' ],
16 silly audit   '@babel/helper-validator-identifier': [ '7.27.1' ],
16 silly audit   '@babel/helper-validator-option': [ '7.27.1' ],
16 silly audit   '@babel/helper-wrap-function': [ '7.28.3' ],
16 silly audit   '@babel/helpers': [ '7.28.3' ],
16 silly audit   '@babel/parser': [ '7.28.3' ],
16 silly audit   '@babel/plugin-bugfix-firefox-class-in-computed-class-key': [ '7.27.1' ],
16 silly audit   '@babel/plugin-bugfix-safari-class-field-initializer-scope': [ '7.27.1' ],
16 silly audit   '@babel/plugin-bugfix-safari-id-destructuring-collision-in-function-expression': [ '7.27.1' ],
16 silly audit   '@babel/plugin-bugfix-v8-spread-parameters-in-optional-chaining': [ '7.27.1' ],
16 silly audit   '@babel/plugin-bugfix-v8-static-class-fields-redefine-readonly': [ '7.28.3' ],
16 silly audit   '@babel/plugin-proposal-private-property-in-object': [ '7.21.0-placeholder-for-preset-env.2' ],
16 silly audit   '@babel/plugin-syntax-import-assertions': [ '7.27.1' ],
16 silly audit   '@babel/plugin-syntax-import-attributes': [ '7.27.1' ],
16 silly audit   '@babel/plugin-syntax-unicode-sets-regex': [ '7.18.6' ],
16 silly audit   '@babel/plugin-transform-arrow-functions': [ '7.27.1' ],
16 silly audit   '@babel/plugin-transform-async-generator-functions': [ '7.28.0' ],
16 silly audit   '@babel/plugin-transform-async-to-generator': [ '7.27.1' ],
16 silly audit   '@babel/plugin-transform-block-scoped-functions': [ '7.27.1' ],
16 silly audit   '@babel/plugin-transform-block-scoping': [ '7.28.0' ],
16 silly audit   '@babel/plugin-transform-class-properties': [ '7.27.1' ],
16 silly audit   '@babel/plugin-transform-class-static-block': [ '7.28.3' ],
16 silly audit   '@babel/plugin-transform-classes': [ '7.28.3' ],
16 silly audit   '@babel/plugin-transform-computed-properties': [ '7.27.1' ],
16 silly audit   '@babel/plugin-transform-destructuring': [ '7.28.0' ],
16 silly audit   '@babel/plugin-transform-dotall-regex': [ '7.27.1' ],
16 silly audit   '@babel/plugin-transform-duplicate-keys': [ '7.27.1' ],
16 silly audit   '@babel/plugin-transform-duplicate-named-capturing-groups-regex': [ '7.27.1' ],
16 silly audit   '@babel/plugin-transform-dynamic-import': [ '7.27.1' ],
16 silly audit   '@babel/plugin-transform-explicit-resource-management': [ '7.28.0' ],
16 silly audit   '@babel/plugin-transform-exponentiation-operator': [ '7.27.1' ],
16 silly audit   '@babel/plugin-transform-export-namespace-from': [ '7.27.1' ],
16 silly audit   '@babel/plugin-transform-for-of': [ '7.27.1' ],
16 silly audit   '@babel/plugin-transform-function-name': [ '7.27.1' ],
16 silly audit   '@babel/plugin-transform-json-strings': [ '7.27.1' ],
16 silly audit   '@babel/plugin-transform-literals': [ '7.27.1' ],
16 silly audit   '@babel/plugin-transform-logical-assignment-operators': [ '7.27.1' ],
16 silly audit   '@babel/plugin-transform-member-expression-literals': [ '7.27.1' ],
16 silly audit   '@babel/plugin-transform-modules-amd': [ '7.27.1' ],
16 silly audit   '@babel/plugin-transform-modules-commonjs': [ '7.27.1' ],
16 silly audit   '@babel/plugin-transform-modules-systemjs': [ '7.27.1' ],
16 silly audit   '@babel/plugin-transform-modules-umd': [ '7.27.1' ],
16 silly audit   '@babel/plugin-transform-named-capturing-groups-regex': [ '7.27.1' ],
16 silly audit   '@babel/plugin-transform-new-target': [ '7.27.1' ],
16 silly audit   '@babel/plugin-transform-nullish-coalescing-operator': [ '7.27.1' ],
16 silly audit   '@babel/plugin-transform-numeric-separator': [ '7.27.1' ],
16 silly audit   '@babel/plugin-transform-object-rest-spread': [ '7.28.0' ],
16 silly audit   '@babel/plugin-transform-object-super': [ '7.27.1' ],
16 silly audit   '@babel/plugin-transform-optional-catch-binding': [ '7.27.1' ],
16 silly audit   '@babel/plugin-transform-optional-chaining': [ '7.27.1' ],
16 silly audit   '@babel/plugin-transform-parameters': [ '7.27.7' ],
16 silly audit   '@babel/plugin-transform-private-methods': [ '7.27.1' ],
16 silly audit   '@babel/plugin-transform-private-property-in-object': [ '7.27.1' ],
16 silly audit   '@babel/plugin-transform-property-literals': [ '7.27.1' ],
16 silly audit   '@babel/plugin-transform-react-jsx-self': [ '7.27.1' ],
16 silly audit   '@babel/plugin-transform-react-jsx-source': [ '7.27.1' ],
16 silly audit   '@babel/plugin-transform-regenerator': [ '7.28.3' ],
16 silly audit   '@babel/plugin-transform-regexp-modifiers': [ '7.27.1' ],
16 silly audit   '@babel/plugin-transform-reserved-words': [ '7.27.1' ],
16 silly audit   '@babel/plugin-transform-shorthand-properties': [ '7.27.1' ],
16 silly audit   '@babel/plugin-transform-spread': [ '7.27.1' ],
16 silly audit   '@babel/plugin-transform-sticky-regex': [ '7.27.1' ],
16 silly audit   '@babel/plugin-transform-template-literals': [ '7.27.1' ],
16 silly audit   '@babel/plugin-transform-typeof-symbol': [ '7.27.1' ],
16 silly audit   '@babel/plugin-transform-unicode-escapes': [ '7.27.1' ],
16 silly audit   '@babel/plugin-transform-unicode-property-regex': [ '7.27.1' ],
16 silly audit   '@babel/plugin-transform-unicode-regex': [ '7.27.1' ],
16 silly audit   '@babel/plugin-transform-unicode-sets-regex': [ '7.27.1' ],
16 silly audit   '@babel/preset-env': [ '7.28.3' ],
16 silly audit   '@babel/preset-modules': [ '0.1.6-no-external-plugins' ],
16 silly audit   '@babel/runtime': [ '7.28.3' ],
16 silly audit   '@babel/template': [ '7.27.2' ],
16 silly audit   '@babel/traverse': [ '7.28.3' ],
16 silly audit   '@babel/types': [ '7.28.2' ],
16 silly audit   '@csstools/color-helpers': [ '5.0.2' ],
16 silly audit   '@csstools/css-calc': [ '2.1.4' ],
16 silly audit   '@csstools/css-color-parser': [ '3.0.10' ],
16 silly audit   '@csstools/css-parser-algorithms': [ '3.0.5' ],
16 silly audit   '@csstools/css-tokenizer': [ '3.0.4' ],
16 silly audit   '@emotion/babel-plugin': [ '11.13.5' ],
16 silly audit   '@emotion/cache': [ '11.14.0' ],
16 silly audit   '@emotion/hash': [ '0.9.2' ],
16 silly audit   '@emotion/is-prop-valid': [ '1.3.1' ],
16 silly audit   '@emotion/memoize': [ '0.9.0' ],
16 silly audit   '@emotion/react': [ '11.14.0' ],
16 silly audit   '@emotion/serialize': [ '1.3.3' ],
16 silly audit   '@emotion/sheet': [ '1.4.0' ],
16 silly audit   '@emotion/styled': [ '11.14.1' ],
16 silly audit   '@emotion/unitless': [ '0.10.0' ],
16 silly audit   '@emotion/use-insertion-effect-with-fallbacks': [ '1.2.0' ],
16 silly audit   '@emotion/utils': [ '1.4.2' ],
16 silly audit   '@emotion/weak-memoize': [ '0.4.0' ],
16 silly audit   '@esbuild/aix-ppc64': [ '0.21.5' ],
16 silly audit   '@esbuild/android-arm': [ '0.21.5' ],
16 silly audit   '@esbuild/android-arm64': [ '0.21.5' ],
16 silly audit   '@esbuild/android-x64': [ '0.21.5' ],
16 silly audit   '@esbuild/darwin-arm64': [ '0.21.5' ],
16 silly audit   '@esbuild/darwin-x64': [ '0.21.5' ],
16 silly audit   '@esbuild/freebsd-arm64': [ '0.21.5' ],
16 silly audit   '@esbuild/freebsd-x64': [ '0.21.5' ],
16 silly audit   '@esbuild/linux-arm': [ '0.21.5' ],
16 silly audit   '@esbuild/linux-arm64': [ '0.21.5' ],
16 silly audit   '@esbuild/linux-ia32': [ '0.21.5' ],
16 silly audit   '@esbuild/linux-loong64': [ '0.21.5' ],
16 silly audit   '@esbuild/linux-mips64el': [ '0.21.5' ],
16 silly audit   '@esbuild/linux-ppc64': [ '0.21.5' ],
16 silly audit   '@esbuild/linux-riscv64': [ '0.21.5' ],
16 silly audit   '@esbuild/linux-s390x': [ '0.21.5' ],
16 silly audit   '@esbuild/linux-x64': [ '0.21.5' ],
16 silly audit   '@esbuild/netbsd-x64': [ '0.21.5' ],
16 silly audit   '@esbuild/openbsd-x64': [ '0.21.5' ],
16 silly audit   '@esbuild/sunos-x64': [ '0.21.5' ],
16 silly audit   '@esbuild/win32-arm64': [ '0.21.5' ],
16 silly audit   '@esbuild/win32-ia32': [ '0.21.5' ],
16 silly audit   '@esbuild/win32-x64': [ '0.21.5' ],
16 silly audit   '@eslint-community/eslint-utils': [ '4.7.0' ],
16 silly audit   '@eslint-community/regexpp': [ '4.12.1' ],
16 silly audit   '@eslint/config-array': [ '0.21.0' ],
16 silly audit   'brace-expansion': [ '1.1.12', '2.0.2' ],
16 silly audit   minimatch: [ '3.1.2', '5.1.6', '9.0.5' ],
16 silly audit   '@eslint/config-helpers': [ '0.3.1' ],
16 silly audit   '@eslint/core': [ '0.15.2' ],
16 silly audit   '@eslint/eslintrc': [ '3.3.1' ],
16 silly audit   ignore: [ '5.3.2', '7.0.5' ],
16 silly audit   '@eslint/js': [ '9.33.0' ],
16 silly audit   '@eslint/object-schema': [ '2.1.6' ],
16 silly audit   '@eslint/plugin-kit': [ '0.3.5' ],
16 silly audit   '@humanfs/core': [ '0.19.1' ],
16 silly audit   '@humanfs/node': [ '0.16.6' ],
16 silly audit   '@humanwhocodes/retry': [ '0.3.1', '0.4.3' ],
16 silly audit   '@humanwhocodes/module-importer': [ '1.0.1' ],
16 silly audit   '@jridgewell/gen-mapping': [ '0.3.13' ],
16 silly audit   '@jridgewell/resolve-uri': [ '3.1.2' ],
16 silly audit   '@jridgewell/source-map': [ '0.3.11' ],
16 silly audit   '@jridgewell/sourcemap-codec': [ '1.5.5' ],
16 silly audit   '@jridgewell/trace-mapping': [ '0.3.30' ],
16 silly audit   '@mui/core-downloads-tracker': [ '6.5.0' ],
16 silly audit   '@mui/icons-material': [ '6.5.0' ],
16 silly audit   '@mui/material': [ '6.5.0' ],
16 silly audit   '@mui/private-theming': [ '6.4.9', '7.3.1' ],
16 silly audit   '@mui/styled-engine': [ '6.5.0', '7.3.1' ],
16 silly audit   '@mui/system': [ '6.5.0', '7.3.1' ],
16 silly audit   '@mui/types': [ '7.4.5', '7.2.24' ],
16 silly audit   '@mui/utils': [ '7.3.1', '6.4.9' ],
16 silly audit   '@mui/x-data-grid': [ '7.29.9' ],
16 silly audit   '@mui/x-internals': [ '7.29.0' ],
16 silly audit   '@nodelib/fs.scandir': [ '2.1.5' ],
16 silly audit   '@nodelib/fs.stat': [ '2.0.5' ],
16 silly audit   '@nodelib/fs.walk': [ '1.2.8' ],
16 silly audit   '@popperjs/core': [ '2.11.8' ],
16 silly audit   '@remix-run/router': [ '1.23.0' ],
16 silly audit   '@rolldown/pluginutils': [ '1.0.0-beta.27' ],
16 silly audit   '@rollup/plugin-node-resolve': [ '15.3.1' ],
16 silly audit   '@rollup/plugin-terser': [ '0.4.4' ],
16 silly audit   '@rollup/pluginutils': [ '5.2.0', '3.1.0' ],
16 silly audit   'estree-walker': [ '2.0.2', '3.0.3', '1.0.1' ],
16 silly audit   picomatch: [ '4.0.3', '2.3.1' ],
16 silly audit   '@rollup/rollup-android-arm-eabi': [ '4.46.4' ],
16 silly audit   '@rollup/rollup-android-arm64': [ '4.46.4' ],
16 silly audit   '@rollup/rollup-darwin-arm64': [ '4.46.4' ],
16 silly audit   '@rollup/rollup-darwin-x64': [ '4.46.4' ],
16 silly audit   '@rollup/rollup-freebsd-arm64': [ '4.46.4' ],
16 silly audit   '@rollup/rollup-freebsd-x64': [ '4.46.4' ],
16 silly audit   '@rollup/rollup-linux-arm-gnueabihf': [ '4.46.4' ],
16 silly audit   '@rollup/rollup-linux-arm-musleabihf': [ '4.46.4' ],
16 silly audit   '@rollup/rollup-linux-arm64-gnu': [ '4.46.4' ],
16 silly audit   '@rollup/rollup-linux-arm64-musl': [ '4.46.4' ],
16 silly audit   '@rollup/rollup-linux-loongarch64-gnu': [ '4.46.4' ],
16 silly audit   '@rollup/rollup-linux-ppc64-gnu': [ '4.46.4' ],
16 silly audit   '@rollup/rollup-linux-riscv64-gnu': [ '4.46.4' ],
16 silly audit   '@rollup/rollup-linux-riscv64-musl': [ '4.46.4' ],
16 silly audit   '@rollup/rollup-linux-s390x-gnu': [ '4.46.4' ],
16 silly audit   '@rollup/rollup-linux-x64-gnu': [ '4.46.4' ],
16 silly audit   '@rollup/rollup-linux-x64-musl': [ '4.46.4' ],
16 silly audit   '@rollup/rollup-win32-arm64-msvc': [ '4.46.4' ],
16 silly audit   '@rollup/rollup-win32-ia32-msvc': [ '4.46.4' ],
16 silly audit   '@rollup/rollup-win32-x64-msvc': [ '4.46.4' ],
16 silly audit   '@supabase/auth-js': [ '2.71.1' ],
16 silly audit   '@supabase/functions-js': [ '2.4.5' ],
16 silly audit   '@supabase/node-fetch': [ '2.6.15' ],
16 silly audit   tr46: [ '0.0.3', '5.1.1', '1.0.1' ],
16 silly audit   'webidl-conversions': [ '3.0.1', '7.0.0', '4.0.2' ],
16 silly audit   'whatwg-url': [ '5.0.0', '14.2.0', '7.1.0' ],
16 silly audit   '@supabase/postgrest-js': [ '1.21.3' ],
16 silly audit   '@supabase/realtime-js': [ '2.15.1' ],
16 silly audit   '@supabase/storage-js': [ '2.11.0' ],
16 silly audit   '@supabase/supabase-js': [ '2.56.0' ],
16 silly audit   '@surma/rollup-plugin-off-main-thread': [ '2.2.3' ],
16 silly audit   'magic-string': [ '0.25.9', '0.30.17' ],
16 silly audit   '@testing-library/jest-dom': [ '6.7.0' ],
16 silly audit   '@types/babel__core': [ '7.20.5' ],
16 silly audit   '@types/babel__generator': [ '7.27.0' ],
16 silly audit   '@types/babel__template': [ '7.4.4' ],
16 silly audit   '@types/babel__traverse': [ '7.28.0' ],
16 silly audit   '@types/estree': [ '1.0.8', '0.0.39' ],
16 silly audit   '@types/json-schema': [ '7.0.15' ],
16 silly audit   '@types/node': [ '22.17.2' ],
16 silly audit   '@types/papaparse': [ '5.3.16' ],
16 silly audit   '@types/parse-json': [ '4.0.2' ],
16 silly audit   '@types/phoenix': [ '1.6.6' ],
16 silly audit   '@types/prop-types': [ '15.7.15' ],
16 silly audit   '@types/react': [ '18.3.23' ],
16 silly audit   '@types/react-dom': [ '18.3.7' ],
16 silly audit   '@types/react-transition-group': [ '4.4.12' ],
16 silly audit   '@types/resolve': [ '1.20.2' ],
16 silly audit   '@types/trusted-types': [ '2.0.7' ],
16 silly audit   '@types/ws': [ '8.18.1' ],
16 silly audit   '@typescript-eslint/eslint-plugin': [ '8.40.0' ],
16 silly audit   '@typescript-eslint/parser': [ '8.40.0' ],
16 silly audit   '@typescript-eslint/project-service': [ '8.40.0' ],
16 silly audit   '@typescript-eslint/scope-manager': [ '8.40.0' ],
16 silly audit   '@typescript-eslint/tsconfig-utils': [ '8.40.0' ],
16 silly audit   '@typescript-eslint/type-utils': [ '8.40.0' ],
16 silly audit   '@typescript-eslint/types': [ '8.40.0' ],
16 silly audit   '@typescript-eslint/typescript-estree': [ '8.40.0' ],
16 silly audit   '@typescript-eslint/utils': [ '8.40.0' ],
16 silly audit   '@typescript-eslint/visitor-keys': [ '8.40.0' ],
16 silly audit   'eslint-visitor-keys': [ '4.2.1', '3.4.3' ],
16 silly audit   '@vitejs/plugin-react': [ '4.7.0' ],
16 silly audit   '@vitest/expect': [ '2.1.9' ],
16 silly audit   '@vitest/mocker': [ '2.1.9' ],
16 silly audit   '@vitest/pretty-format': [ '2.1.9' ],
16 silly audit   '@vitest/runner': [ '2.1.9' ],
16 silly audit   '@vitest/snapshot': [ '2.1.9' ],
16 silly audit   '@vitest/spy': [ '2.1.9' ],
16 silly audit   '@vitest/utils': [ '2.1.9' ],
16 silly audit   acorn: [ '8.15.0' ],
16 silly audit   'acorn-jsx': [ '5.3.2' ],
16 silly audit   'agent-base': [ '7.1.4' ],
16 silly audit   ajv: [ '6.12.6', '8.17.1' ],
16 silly audit   'ansi-styles': [ '4.3.0' ],
16 silly audit   argparse: [ '2.0.1' ],
16 silly audit   'aria-query': [ '5.3.2' ],
16 silly audit   'array-buffer-byte-length': [ '1.0.2' ],
16 silly audit   'arraybuffer.prototype.slice': [ '1.0.4' ],
16 silly audit   'assertion-error': [ '2.0.1' ],
16 silly audit   async: [ '3.2.6' ],
16 silly audit   'async-function': [ '1.0.0' ],
16 silly audit   asynckit: [ '0.4.0' ],
16 silly audit   'at-least-node': [ '1.0.0' ],
16 silly audit   'available-typed-arrays': [ '1.0.7' ],
16 silly audit   axios: [ '1.11.0' ],
16 silly audit   'babel-plugin-macros': [ '3.1.0' ],
16 silly audit   'babel-plugin-polyfill-corejs2': [ '0.4.14' ],
16 silly audit   'babel-plugin-polyfill-corejs3': [ '0.13.0' ],
16 silly audit   'babel-plugin-polyfill-regenerator': [ '0.6.5' ],
16 silly audit   'balanced-match': [ '1.0.2' ],
16 silly audit   braces: [ '3.0.3' ],
16 silly audit   browserslist: [ '4.25.3' ],
16 silly audit   'buffer-from': [ '1.1.2' ],
16 silly audit   cac: [ '6.7.14' ],
16 silly audit   'call-bind': [ '1.0.8' ],
16 silly audit   'call-bind-apply-helpers': [ '1.0.2' ],
16 silly audit   'call-bound': [ '1.0.4' ],
16 silly audit   callsites: [ '3.1.0' ],
16 silly audit   'caniuse-lite': [ '1.0.30001735' ],
16 silly audit   chai: [ '5.3.1' ],
16 silly audit   chalk: [ '4.1.2' ],
16 silly audit   'check-error': [ '2.1.1' ],
16 silly audit   clsx: [ '2.1.1' ],
16 silly audit   'color-convert': [ '2.0.1' ],
16 silly audit   'color-name': [ '1.1.4' ],
16 silly audit   'combined-stream': [ '1.0.8' ],
16 silly audit   commander: [ '2.20.3' ],
16 silly audit   'common-tags': [ '1.8.2' ],
16 silly audit   'concat-map': [ '0.0.1' ],
16 silly audit   'core-js-compat': [ '3.45.1' ],
16 silly audit   cosmiconfig: [ '7.1.0' ],
16 silly audit   'cross-spawn': [ '7.0.6' ],
16 silly audit   'crypto-random-string': [ '2.0.0' ],
16 silly audit   'css.escape': [ '1.5.1' ],
16 silly audit   cssstyle: [ '4.6.0' ],
16 silly audit   'rrweb-cssom': [ '0.8.0', '0.7.1' ],
16 silly audit   csstype: [ '3.1.3' ],
16 silly audit   'data-urls': [ '5.0.0' ],
16 silly audit   'data-view-buffer': [ '1.0.2' ],
16 silly audit   'data-view-byte-length': [ '1.0.2' ],
16 silly audit   'data-view-byte-offset': [ '1.0.1' ],
16 silly audit   'date-fns': [ '3.6.0' ],
16 silly audit   debug: [ '4.4.1' ],
16 silly audit   'decimal.js': [ '10.6.0' ],
16 silly audit   'deep-eql': [ '5.0.2' ],
16 silly audit   'deep-is': [ '0.1.4' ],
16 silly audit   deepmerge: [ '4.3.1' ],
16 silly audit   'define-data-property': [ '1.1.4' ],
16 silly audit   'define-properties': [ '1.2.1' ],
16 silly audit   'delayed-stream': [ '1.0.0' ],
16 silly audit   dexie: [ '4.2.0' ],
16 silly audit   'dexie-react-hooks': [ '1.1.7' ],
16 silly audit   'dom-accessibility-api': [ '0.6.3' ],
16 silly audit   'dom-helpers': [ '5.2.1' ],
16 silly audit   'dunder-proto': [ '1.0.1' ],
16 silly audit   ejs: [ '3.1.10' ],
16 silly audit   'electron-to-chromium': [ '1.5.207' ],
16 silly audit   entities: [ '6.0.1' ],
16 silly audit   'error-ex': [ '1.3.2' ],
16 silly audit   'es-abstract': [ '1.24.0' ],
16 silly audit   'es-define-property': [ '1.0.1' ],
16 silly audit   'es-errors': [ '1.3.0' ],
16 silly audit   'es-module-lexer': [ '1.7.0' ],
16 silly audit   'es-object-atoms': [ '1.1.1' ],
16 silly audit   'es-set-tostringtag': [ '2.1.0' ],
16 silly audit   'es-to-primitive': [ '1.3.0' ],
16 silly audit   esbuild: [ '0.21.5' ],
16 silly audit   escalade: [ '3.2.0' ],
16 silly audit   'escape-string-regexp': [ '4.0.0' ],
16 silly audit   eslint: [ '9.33.0' ],
16 silly audit   'eslint-config-prettier': [ '9.1.2' ],
16 silly audit   'eslint-plugin-react-hooks': [ '5.2.0' ],
16 silly audit   'eslint-plugin-react-refresh': [ '0.4.20' ],
16 silly audit   'eslint-scope': [ '8.4.0' ],
16 silly audit   espree: [ '10.4.0' ],
16 silly audit   esquery: [ '1.6.0' ],
16 silly audit   esrecurse: [ '4.3.0' ],
16 silly audit   estraverse: [ '5.3.0' ],
16 silly audit   esutils: [ '2.0.3' ],
16 silly audit   'expect-type': [ '1.2.2' ],
16 silly audit   'fast-deep-equal': [ '3.1.3' ],
16 silly audit   'fast-glob': [ '3.3.3' ],
16 silly audit   'glob-parent': [ '5.1.2', '6.0.2' ],
16 silly audit   'fast-json-stable-stringify': [ '2.1.0' ],
16 silly audit   'fast-levenshtein': [ '2.0.6' ],
16 silly audit   'fast-uri': [ '3.0.6' ],
16 silly audit   fastq: [ '1.19.1' ],
16 silly audit   'file-entry-cache': [ '8.0.0' ],
16 silly audit   filelist: [ '1.0.4' ],
16 silly audit   'fill-range': [ '7.1.1' ],
16 silly audit   'find-root': [ '1.1.0' ],
16 silly audit   'find-up': [ '5.0.0' ],
16 silly audit   'flat-cache': [ '4.0.1' ],
16 silly audit   flatted: [ '3.3.3' ],
16 silly audit   'follow-redirects': [ '1.15.11' ],
16 silly audit   'for-each': [ '0.3.5' ],
16 silly audit   'form-data': [ '4.0.4' ],
16 silly audit   'fs-extra': [ '9.1.0' ],
16 silly audit   'fs.realpath': [ '1.0.0' ],
16 silly audit   fsevents: [ '2.3.3' ],
16 silly audit   'function-bind': [ '1.1.2' ],
16 silly audit   'function.prototype.name': [ '1.1.8' ],
16 silly audit   'functions-have-names': [ '1.2.3' ],
16 silly audit   gensync: [ '1.0.0-beta.2' ],
16 silly audit   'get-intrinsic': [ '1.3.0' ],
16 silly audit   'get-own-enumerable-property-symbols': [ '3.0.2' ],
16 silly audit   'get-proto': [ '1.0.1' ],
16 silly audit   'get-symbol-description': [ '1.1.0' ],
16 silly audit   glob: [ '7.2.3' ],
16 silly audit   globals: [ '14.0.0' ],
16 silly audit   globalthis: [ '1.0.4' ],
16 silly audit   gopd: [ '1.2.0' ],
16 silly audit   'graceful-fs': [ '4.2.11' ],
16 silly audit   graphemer: [ '1.4.0' ],
16 silly audit   'has-bigints': [ '1.1.0' ],
16 silly audit   'has-flag': [ '4.0.0' ],
16 silly audit   'has-property-descriptors': [ '1.0.2' ],
16 silly audit   'has-proto': [ '1.2.0' ],
16 silly audit   'has-symbols': [ '1.1.0' ],
16 silly audit   'has-tostringtag': [ '1.0.2' ],
16 silly audit   hasown: [ '2.0.2' ],
16 silly audit   'hoist-non-react-statics': [ '3.3.2' ],
16 silly audit   'react-is': [ '16.13.1', '19.1.1' ],
16 silly audit   'html-encoding-sniffer': [ '4.0.0' ],
16 silly audit   'http-proxy-agent': [ '7.0.2' ],
16 silly audit   'https-proxy-agent': [ '7.0.6' ],
16 silly audit   'iconv-lite': [ '0.6.3' ],
16 silly audit   idb: [ '7.1.1' ],
16 silly audit   'import-fresh': [ '3.3.1' ],
16 silly audit   imurmurhash: [ '0.1.4' ],
16 silly audit   'indent-string': [ '4.0.0' ],
16 silly audit   inflight: [ '1.0.6' ],
16 silly audit   inherits: [ '2.0.4' ],
16 silly audit   'internal-slot': [ '1.1.0' ],
16 silly audit   'is-array-buffer': [ '3.0.5' ],
16 silly audit   'is-arrayish': [ '0.2.1' ],
16 silly audit   'is-async-function': [ '2.1.1' ],
16 silly audit   'is-bigint': [ '1.1.0' ],
16 silly audit   'is-boolean-object': [ '1.2.2' ],
16 silly audit   'is-callable': [ '1.2.7' ],
16 silly audit   'is-core-module': [ '2.16.1' ],
16 silly audit   'is-data-view': [ '1.0.2' ],
16 silly audit   'is-date-object': [ '1.1.0' ],
16 silly audit   'is-extglob': [ '2.1.1' ],
16 silly audit   'is-finalizationregistry': [ '1.1.1' ],
16 silly audit   'is-generator-function': [ '1.1.0' ],
16 silly audit   'is-glob': [ '4.0.3' ],
16 silly audit   'is-map': [ '2.0.3' ],
16 silly audit   'is-module': [ '1.0.0' ],
16 silly audit   'is-negative-zero': [ '2.0.3' ],
16 silly audit   'is-number': [ '7.0.0' ],
16 silly audit   'is-number-object': [ '1.1.1' ],
16 silly audit   'is-obj': [ '1.0.1' ],
16 silly audit   'is-potential-custom-element-name': [ '1.0.1' ],
16 silly audit   'is-regex': [ '1.2.1' ],
16 silly audit   'is-regexp': [ '1.0.0' ],
16 silly audit   'is-set': [ '2.0.3' ],
16 silly audit   'is-shared-array-buffer': [ '1.0.4' ],
16 silly audit   'is-stream': [ '2.0.1' ],
16 silly audit   'is-string': [ '1.1.1' ],
16 silly audit   'is-symbol': [ '1.1.1' ],
16 silly audit   'is-typed-array': [ '1.1.15' ],
16 silly audit   'is-weakmap': [ '2.0.2' ],
16 silly audit   'is-weakref': [ '1.1.1' ],
16 silly audit   'is-weakset': [ '2.0.4' ],
16 silly audit   isarray: [ '2.0.5' ],
16 silly audit   isexe: [ '2.0.0' ],
16 silly audit   jake: [ '10.9.4' ],
16 silly audit   'js-tokens': [ '4.0.0' ],
16 silly audit   'js-yaml': [ '4.1.0' ],
16 silly audit   jsdom: [ '25.0.1' ],
16 silly audit   jsesc: [ '3.1.0', '3.0.2' ],
16 silly audit   'json-buffer': [ '3.0.1' ],
16 silly audit   'json-parse-even-better-errors': [ '2.3.1' ],
16 silly audit   'json-schema': [ '0.4.0' ],
16 silly audit   'json-schema-traverse': [ '0.4.1', '1.0.0' ],
16 silly audit   'json-stable-stringify-without-jsonify': [ '1.0.1' ],
16 silly audit   json5: [ '2.2.3' ],
16 silly audit   jsonfile: [ '6.2.0' ],
16 silly audit   jsonpointer: [ '5.0.1' ],
16 silly audit   keyv: [ '4.5.4' ],
16 silly audit   leven: [ '3.1.0' ],
16 silly audit   levn: [ '0.4.1' ],
16 silly audit   'lines-and-columns': [ '1.2.4' ],
16 silly audit   'locate-path': [ '6.0.0' ],
16 silly audit   lodash: [ '4.17.21' ],
16 silly audit   'lodash.debounce': [ '4.0.8' ],
16 silly audit   'lodash.merge': [ '4.6.2' ],
16 silly audit   'lodash.sortby': [ '4.7.0' ],
16 silly audit   'loose-envify': [ '1.4.0' ],
16 silly audit   loupe: [ '3.2.0' ],
16 silly audit   'math-intrinsics': [ '1.1.0' ],
16 silly audit   merge2: [ '1.4.1' ],
16 silly audit   micromatch: [ '4.0.8' ],
16 silly audit   'mime-db': [ '1.52.0' ],
16 silly audit   'mime-types': [ '2.1.35' ],
16 silly audit   'min-indent': [ '1.0.1' ],
16 silly audit   ms: [ '2.1.3' ],
16 silly audit   nanoid: [ '3.3.11' ],
16 silly audit   'natural-compare': [ '1.4.0' ],
16 silly audit   'node-releases': [ '2.0.19' ],
16 silly audit   nwsapi: [ '2.2.21' ],
16 silly audit   'object-assign': [ '4.1.1' ],
16 silly audit   'object-inspect': [ '1.13.4' ],
16 silly audit   'object-keys': [ '1.1.1' ],
16 silly audit   'object.assign': [ '4.1.7' ],
16 silly audit   once: [ '1.4.0' ],
16 silly audit   optionator: [ '0.9.4' ],
16 silly audit   'own-keys': [ '1.0.1' ],
16 silly audit   'p-limit': [ '3.1.0' ],
16 silly audit   'p-locate': [ '5.0.0' ],
16 silly audit   papaparse: [ '5.5.3' ],
16 silly audit   'parent-module': [ '1.0.1' ],
16 silly audit   'parse-json': [ '5.2.0' ],
16 silly audit   parse5: [ '7.3.0' ],
16 silly audit   'path-exists': [ '4.0.0' ],
16 silly audit   'path-is-absolute': [ '1.0.1' ],
16 silly audit   'path-key': [ '3.1.1' ],
16 silly audit   'path-parse': [ '1.0.7' ],
16 silly audit   'path-type': [ '4.0.0' ],
16 silly audit   pathe: [ '1.1.2' ],
16 silly audit   pathval: [ '2.0.1' ],
16 silly audit   picocolors: [ '1.1.1' ],
16 silly audit   'possible-typed-array-names': [ '1.1.0' ],
16 silly audit   postcss: [ '8.5.6' ],
16 silly audit   'prelude-ls': [ '1.2.1' ],
16 silly audit   prettier: [ '3.6.2' ],
16 silly audit   'pretty-bytes': [ '6.1.1', '5.6.0' ],
16 silly audit   'prop-types': [ '15.8.1' ],
16 silly audit   'proxy-from-env': [ '1.1.0' ],
16 silly audit   punycode: [ '2.3.1' ],
16 silly audit   'queue-microtask': [ '1.2.3' ],
16 silly audit   randombytes: [ '2.1.0' ],
16 silly audit   react: [ '18.3.1' ],
16 silly audit   'react-dom': [ '18.3.1' ],
16 silly audit   'react-refresh': [ '0.17.0' ],
16 silly audit   'react-router': [ '6.30.1' ],
16 silly audit   'react-router-dom': [ '6.30.1' ],
16 silly audit   'react-transition-group': [ '4.4.5' ],
16 silly audit   redent: [ '3.0.0' ],
16 silly audit   'reflect.getprototypeof': [ '1.0.10' ],
16 silly audit   regenerate: [ '1.4.2' ],
16 silly audit   'regenerate-unicode-properties': [ '10.2.0' ],
16 silly audit   'regexp.prototype.flags': [ '1.5.4' ],
16 silly audit   'regexpu-core': [ '6.2.0' ],
16 silly audit   regjsgen: [ '0.8.0' ],
16 silly audit   regjsparser: [ '0.12.0' ],
16 silly audit   'require-from-string': [ '2.0.2' ],
16 silly audit   reselect: [ '5.1.1' ],
16 silly audit   resolve: [ '1.22.10' ],
16 silly audit   'resolve-from': [ '4.0.0' ],
16 silly audit   reusify: [ '1.1.0' ],
16 silly audit   rollup: [ '4.46.4', '2.79.2' ],
16 silly audit   'run-parallel': [ '1.2.0' ],
16 silly audit   'safe-array-concat': [ '1.1.3' ],
16 silly audit   'safe-buffer': [ '5.2.1' ],
16 silly audit   'safe-push-apply': [ '1.0.0' ],
16 silly audit   'safe-regex-test': [ '1.1.0' ],
16 silly audit   'safer-buffer': [ '2.1.2' ],
16 silly audit   saxes: [ '6.0.0' ],
16 silly audit   scheduler: [ '0.23.2' ],
16 silly audit   'serialize-javascript': [ '6.0.2' ],
16 silly audit   'set-function-length': [ '1.2.2' ],
16 silly audit   'set-function-name': [ '2.0.2' ],
16 silly audit   'set-proto': [ '1.0.0' ],
16 silly audit   'shebang-command': [ '2.0.0' ],
16 silly audit   'shebang-regex': [ '3.0.0' ],
16 silly audit   'side-channel': [ '1.1.0' ],
16 silly audit   'side-channel-list': [ '1.0.0' ],
16 silly audit   'side-channel-map': [ '1.0.1' ],
16 silly audit   'side-channel-weakmap': [ '1.0.2' ],
16 silly audit   siginfo: [ '2.0.0' ],
16 silly audit   smob: [ '1.5.0' ],
16 silly audit   'source-map': [ '0.5.7', '0.6.1', '0.8.0-beta.0' ],
16 silly audit   'source-map-js': [ '1.2.1' ],
16 silly audit   'source-map-support': [ '0.5.21' ],
16 silly audit   'sourcemap-codec': [ '1.4.8' ],
16 silly audit   stackback: [ '0.0.2' ],
16 silly audit   'std-env': [ '3.9.0' ],
16 silly audit   'stop-iteration-iterator': [ '1.1.0' ],
16 silly audit   'string.prototype.matchall': [ '4.0.12' ],
16 silly audit   'string.prototype.trim': [ '1.2.10' ],
16 silly audit   'string.prototype.trimend': [ '1.0.9' ],
16 silly audit   'string.prototype.trimstart': [ '1.0.8' ],
16 silly audit   'stringify-object': [ '3.3.0' ],
16 silly audit   'strip-comments': [ '2.0.1' ],
16 silly audit   'strip-indent': [ '3.0.0' ],
16 silly audit   'strip-json-comments': [ '3.1.1' ],
16 silly audit   stylis: [ '4.2.0' ],
16 silly audit   'supports-color': [ '7.2.0' ],
16 silly audit   'supports-preserve-symlinks-flag': [ '1.0.0' ],
16 silly audit   'symbol-tree': [ '3.2.4' ],
16 silly audit   'temp-dir': [ '2.0.0' ],
16 silly audit   tempy: [ '0.6.0' ],
16 silly audit   terser: [ '5.43.1' ],
16 silly audit   tinybench: [ '2.9.0' ],
16 silly audit   tinyexec: [ '0.3.2' ],
16 silly audit   tinyglobby: [ '0.2.14' ],
16 silly audit   fdir: [ '6.5.0' ],
16 silly audit   tinypool: [ '1.1.1' ],
16 silly audit   tinyrainbow: [ '1.2.0' ],
16 silly audit   tinyspy: [ '3.0.2' ],
16 silly audit   tldts: [ '6.1.86' ],
16 silly audit   'tldts-core': [ '6.1.86' ],
16 silly audit   'to-regex-range': [ '5.0.1' ],
16 silly audit   'tough-cookie': [ '5.1.2' ],
16 silly audit   'ts-api-utils': [ '2.1.0' ],
16 silly audit   'type-check': [ '0.4.0' ],
16 silly audit   'type-fest': [ '0.16.0' ],
16 silly audit   'typed-array-buffer': [ '1.0.3' ],
16 silly audit   'typed-array-byte-length': [ '1.0.3' ],
16 silly audit   'typed-array-byte-offset': [ '1.0.4' ],
16 silly audit   'typed-array-length': [ '1.0.7' ],
16 silly audit   typescript: [ '5.9.2' ],
16 silly audit   'unbox-primitive': [ '1.1.0' ],
16 silly audit   'undici-types': [ '6.21.0' ],
16 silly audit   'unicode-canonical-property-names-ecmascript': [ '2.0.1' ],
16 silly audit   'unicode-match-property-ecmascript': [ '2.0.0' ],
16 silly audit   'unicode-match-property-value-ecmascript': [ '2.2.0' ],
16 silly audit   'unicode-property-aliases-ecmascript': [ '2.1.0' ],
16 silly audit   'unique-string': [ '2.0.0' ],
16 silly audit   universalify: [ '2.0.1' ],
16 silly audit   upath: [ '1.2.0' ],
16 silly audit   'update-browserslist-db': [ '1.1.3' ],
16 silly audit   'uri-js': [ '4.4.1' ],
16 silly audit   'use-sync-external-store': [ '1.5.0' ],
16 silly audit   vite: [ '5.4.19' ],
16 silly audit   'vite-node': [ '2.1.9' ],
16 silly audit   'vite-plugin-pwa': [ '1.0.3' ],
16 silly audit   vitest: [ '2.1.9' ],
16 silly audit   'w3c-xmlserializer': [ '5.0.0' ],
16 silly audit   'whatwg-encoding': [ '3.1.1' ],
16 silly audit   'whatwg-mimetype': [ '4.0.0' ],
16 silly audit   which: [ '2.0.2' ],
16 silly audit   'which-boxed-primitive': [ '1.1.1' ],
16 silly audit   'which-builtin-type': [ '1.2.1' ],
16 silly audit   'which-collection': [ '1.0.2' ],
16 silly audit   'which-typed-array': [ '1.1.19' ],
16 silly audit   'why-is-node-running': [ '2.3.0' ],
16 silly audit   'word-wrap': [ '1.2.5' ],
16 silly audit   'workbox-background-sync': [ '7.3.0' ],
16 silly audit   'workbox-broadcast-update': [ '7.3.0' ],
16 silly audit   'workbox-build': [ '7.3.0' ],
16 silly audit   '@apideck/better-ajv-errors': [ '0.3.6' ],
16 silly audit   '@rollup/plugin-babel': [ '5.3.1' ],
16 silly audit   '@rollup/plugin-replace': [ '2.4.2' ],
16 silly audit   'workbox-cacheable-response': [ '7.3.0' ],
16 silly audit   'workbox-core': [ '7.3.0' ],
16 silly audit   'workbox-expiration': [ '7.3.0' ],
16 silly audit   'workbox-google-analytics': [ '7.3.0' ],
16 silly audit   'workbox-navigation-preload': [ '7.3.0' ],
16 silly audit   'workbox-precaching': [ '7.3.0' ],
16 silly audit   'workbox-range-requests': [ '7.3.0' ],
16 silly audit   'workbox-recipes': [ '7.3.0' ],
16 silly audit   'workbox-routing': [ '7.3.0' ],
16 silly audit   'workbox-strategies': [ '7.3.0' ],
16 silly audit   'workbox-streams': [ '7.3.0' ],
16 silly audit   'workbox-sw': [ '7.3.0' ],
16 silly audit   'workbox-window': [ '7.3.0' ],
16 silly audit   wrappy: [ '1.0.2' ],
16 silly audit   ws: [ '8.18.3' ],
16 silly audit   'xml-name-validator': [ '5.0.0' ],
16 silly audit   xmlchars: [ '2.2.0' ],
16 silly audit   yallist: [ '3.1.1' ],
16 silly audit   yaml: [ '1.10.2' ],
16 silly audit   'yocto-queue': [ '0.1.0' ],
16 silly audit   zod: [ '3.25.76' ]
16 silly audit }
17 verbose reify failed optional dependency /Users/jonathanwerle/Desktop/Command Center/CineFile/node_modules/@rollup/rollup-win32-x64-msvc
18 silly reify mark deleted [
18 silly reify   '/Users/jonathanwerle/Desktop/Command Center/CineFile/node_modules/@rollup/rollup-win32-x64-msvc'
18 silly reify ]
19 verbose reify failed optional dependency /Users/jonathanwerle/Desktop/Command Center/CineFile/node_modules/@rollup/rollup-win32-ia32-msvc
20 silly reify mark deleted [
20 silly reify   '/Users/jonathanwerle/Desktop/Command Center/CineFile/node_modules/@rollup/rollup-win32-ia32-msvc'
20 silly reify ]
21 verbose reify failed optional dependency /Users/jonathanwerle/Desktop/Command Center/CineFile/node_modules/@rollup/rollup-win32-arm64-msvc
22 silly reify mark deleted [
22 silly reify   '/Users/jonathanwerle/Desktop/Command Center/CineFile/node_modules/@rollup/rollup-win32-arm64-msvc'
22 silly reify ]
23 verbose reify failed optional dependency /Users/jonathanwerle/Desktop/Command Center/CineFile/node_modules/@rollup/rollup-linux-x64-musl
24 silly reify mark deleted [
24 silly reify   '/Users/jonathanwerle/Desktop/Command Center/CineFile/node_modules/@rollup/rollup-linux-x64-musl'
24 silly reify ]
25 verbose reify failed optional dependency /Users/jonathanwerle/Desktop/Command Center/CineFile/node_modules/@rollup/rollup-linux-x64-gnu
26 silly reify mark deleted [
26 silly reify   '/Users/jonathanwerle/Desktop/Command Center/CineFile/node_modules/@rollup/rollup-linux-x64-gnu'
26 silly reify ]
27 verbose reify failed optional dependency /Users/jonathanwerle/Desktop/Command Center/CineFile/node_modules/@rollup/rollup-linux-s390x-gnu
28 silly reify mark deleted [
28 silly reify   '/Users/jonathanwerle/Desktop/Command Center/CineFile/node_modules/@rollup/rollup-linux-s390x-gnu'
28 silly reify ]
29 verbose reify failed optional dependency /Users/jonathanwerle/Desktop/Command Center/CineFile/node_modules/@rollup/rollup-linux-riscv64-musl
30 silly reify mark deleted [
30 silly reify   '/Users/jonathanwerle/Desktop/Command Center/CineFile/node_modules/@rollup/rollup-linux-riscv64-musl'
30 silly reify ]
31 verbose reify failed optional dependency /Users/jonathanwerle/Desktop/Command Center/CineFile/node_modules/@rollup/rollup-linux-riscv64-gnu
32 silly reify mark deleted [
32 silly reify   '/Users/jonathanwerle/Desktop/Command Center/CineFile/node_modules/@rollup/rollup-linux-riscv64-gnu'
32 silly reify ]
33 verbose reify failed optional dependency /Users/jonathanwerle/Desktop/Command Center/CineFile/node_modules/@rollup/rollup-linux-ppc64-gnu
34 silly reify mark deleted [
34 silly reify   '/Users/jonathanwerle/Desktop/Command Center/CineFile/node_modules/@rollup/rollup-linux-ppc64-gnu'
34 silly reify ]
35 verbose reify failed optional dependency /Users/jonathanwerle/Desktop/Command Center/CineFile/node_modules/@rollup/rollup-linux-loongarch64-gnu
36 silly reify mark deleted [
36 silly reify   '/Users/jonathanwerle/Desktop/Command Center/CineFile/node_modules/@rollup/rollup-linux-loongarch64-gnu'
36 silly reify ]
37 verbose reify failed optional dependency /Users/jonathanwerle/Desktop/Command Center/CineFile/node_modules/@rollup/rollup-linux-arm64-musl
38 silly reify mark deleted [
38 silly reify   '/Users/jonathanwerle/Desktop/Command Center/CineFile/node_modules/@rollup/rollup-linux-arm64-musl'
38 silly reify ]
39 verbose reify failed optional dependency /Users/jonathanwerle/Desktop/Command Center/CineFile/node_modules/@rollup/rollup-linux-arm64-gnu
40 silly reify mark deleted [
40 silly reify   '/Users/jonathanwerle/Desktop/Command Center/CineFile/node_modules/@rollup/rollup-linux-arm64-gnu'
40 silly reify ]
41 verbose reify failed optional dependency /Users/jonathanwerle/Desktop/Command Center/CineFile/node_modules/@rollup/rollup-linux-arm-musleabihf
42 silly reify mark deleted [
42 silly reify   '/Users/jonathanwerle/Desktop/Command Center/CineFile/node_modules/@rollup/rollup-linux-arm-musleabihf'
42 silly reify ]
43 verbose reify failed optional dependency /Users/jonathanwerle/Desktop/Command Center/CineFile/node_modules/@rollup/rollup-linux-arm-gnueabihf
44 silly reify mark deleted [
44 silly reify   '/Users/jonathanwerle/Desktop/Command Center/CineFile/node_modules/@rollup/rollup-linux-arm-gnueabihf'
44 silly reify ]
45 verbose reify failed optional dependency /Users/jonathanwerle/Desktop/Command Center/CineFile/node_modules/@rollup/rollup-freebsd-x64
46 silly reify mark deleted [
46 silly reify   '/Users/jonathanwerle/Desktop/Command Center/CineFile/node_modules/@rollup/rollup-freebsd-x64'
46 silly reify ]
47 verbose reify failed optional dependency /Users/jonathanwerle/Desktop/Command Center/CineFile/node_modules/@rollup/rollup-freebsd-arm64
48 silly reify mark deleted [
48 silly reify   '/Users/jonathanwerle/Desktop/Command Center/CineFile/node_modules/@rollup/rollup-freebsd-arm64'
48 silly reify ]
49 verbose reify failed optional dependency /Users/jonathanwerle/Desktop/Command Center/CineFile/node_modules/@rollup/rollup-darwin-x64
50 silly reify mark deleted [
50 silly reify   '/Users/jonathanwerle/Desktop/Command Center/CineFile/node_modules/@rollup/rollup-darwin-x64'
50 silly reify ]
51 verbose reify failed optional dependency /Users/jonathanwerle/Desktop/Command Center/CineFile/node_modules/@rollup/rollup-android-arm64
52 silly reify mark deleted [
52 silly reify   '/Users/jonathanwerle/Desktop/Command Center/CineFile/node_modules/@rollup/rollup-android-arm64'
52 silly reify ]
53 verbose reify failed optional dependency /Users/jonathanwerle/Desktop/Command Center/CineFile/node_modules/@rollup/rollup-android-arm-eabi
54 silly reify mark deleted [
54 silly reify   '/Users/jonathanwerle/Desktop/Command Center/CineFile/node_modules/@rollup/rollup-android-arm-eabi'
54 silly reify ]
55 verbose reify failed optional dependency /Users/jonathanwerle/Desktop/Command Center/CineFile/node_modules/@esbuild/win32-x64
56 silly reify mark deleted [
56 silly reify   '/Users/jonathanwerle/Desktop/Command Center/CineFile/node_modules/@esbuild/win32-x64'
56 silly reify ]
57 verbose reify failed optional dependency /Users/jonathanwerle/Desktop/Command Center/CineFile/node_modules/@esbuild/win32-ia32
58 silly reify mark deleted [
58 silly reify   '/Users/jonathanwerle/Desktop/Command Center/CineFile/node_modules/@esbuild/win32-ia32'
58 silly reify ]
59 verbose reify failed optional dependency /Users/jonathanwerle/Desktop/Command Center/CineFile/node_modules/@esbuild/win32-arm64
60 silly reify mark deleted [
60 silly reify   '/Users/jonathanwerle/Desktop/Command Center/CineFile/node_modules/@esbuild/win32-arm64'
60 silly reify ]
61 verbose reify failed optional dependency /Users/jonathanwerle/Desktop/Command Center/CineFile/node_modules/@esbuild/sunos-x64
62 silly reify mark deleted [
62 silly reify   '/Users/jonathanwerle/Desktop/Command Center/CineFile/node_modules/@esbuild/sunos-x64'
62 silly reify ]
63 verbose reify failed optional dependency /Users/jonathanwerle/Desktop/Command Center/CineFile/node_modules/@esbuild/openbsd-x64
64 silly reify mark deleted [
64 silly reify   '/Users/jonathanwerle/Desktop/Command Center/CineFile/node_modules/@esbuild/openbsd-x64'
64 silly reify ]
65 verbose reify failed optional dependency /Users/jonathanwerle/Desktop/Command Center/CineFile/node_modules/@esbuild/netbsd-x64
66 silly reify mark deleted [
66 silly reify   '/Users/jonathanwerle/Desktop/Command Center/CineFile/node_modules/@esbuild/netbsd-x64'
66 silly reify ]
67 verbose reify failed optional dependency /Users/jonathanwerle/Desktop/Command Center/CineFile/node_modules/@esbuild/linux-x64
68 silly reify mark deleted [
68 silly reify   '/Users/jonathanwerle/Desktop/Command Center/CineFile/node_modules/@esbuild/linux-x64'
68 silly reify ]
69 verbose reify failed optional dependency /Users/jonathanwerle/Desktop/Command Center/CineFile/node_modules/@esbuild/linux-s390x
70 silly reify mark deleted [
70 silly reify   '/Users/jonathanwerle/Desktop/Command Center/CineFile/node_modules/@esbuild/linux-s390x'
70 silly reify ]
71 verbose reify failed optional dependency /Users/jonathanwerle/Desktop/Command Center/CineFile/node_modules/@esbuild/linux-riscv64
72 silly reify mark deleted [
72 silly reify   '/Users/jonathanwerle/Desktop/Command Center/CineFile/node_modules/@esbuild/linux-riscv64'
72 silly reify ]
73 verbose reify failed optional dependency /Users/jonathanwerle/Desktop/Command Center/CineFile/node_modules/@esbuild/linux-ppc64
74 silly reify mark deleted [
74 silly reify   '/Users/jonathanwerle/Desktop/Command Center/CineFile/node_modules/@esbuild/linux-ppc64'
74 silly reify ]
75 verbose reify failed optional dependency /Users/jonathanwerle/Desktop/Command Center/CineFile/node_modules/@esbuild/linux-mips64el
76 silly reify mark deleted [
76 silly reify   '/Users/jonathanwerle/Desktop/Command Center/CineFile/node_modules/@esbuild/linux-mips64el'
76 silly reify ]
77 verbose reify failed optional dependency /Users/jonathanwerle/Desktop/Command Center/CineFile/node_modules/@esbuild/linux-loong64
78 silly reify mark deleted [
78 silly reify   '/Users/jonathanwerle/Desktop/Command Center/CineFile/node_modules/@esbuild/linux-loong64'
78 silly reify ]
79 verbose reify failed optional dependency /Users/jonathanwerle/Desktop/Command Center/CineFile/node_modules/@esbuild/linux-ia32
80 silly reify mark deleted [
80 silly reify   '/Users/jonathanwerle/Desktop/Command Center/CineFile/node_modules/@esbuild/linux-ia32'
80 silly reify ]
81 verbose reify failed optional dependency /Users/jonathanwerle/Desktop/Command Center/CineFile/node_modules/@esbuild/linux-arm64
82 silly reify mark deleted [
82 silly reify   '/Users/jonathanwerle/Desktop/Command Center/CineFile/node_modules/@esbuild/linux-arm64'
82 silly reify ]
83 verbose reify failed optional dependency /Users/jonathanwerle/Desktop/Command Center/CineFile/node_modules/@esbuild/linux-arm
84 silly reify mark deleted [
84 silly reify   '/Users/jonathanwerle/Desktop/Command Center/CineFile/node_modules/@esbuild/linux-arm'
84 silly reify ]
85 verbose reify failed optional dependency /Users/jonathanwerle/Desktop/Command Center/CineFile/node_modules/@esbuild/freebsd-x64
86 silly reify mark deleted [
86 silly reify   '/Users/jonathanwerle/Desktop/Command Center/CineFile/node_modules/@esbuild/freebsd-x64'
86 silly reify ]
87 verbose reify failed optional dependency /Users/jonathanwerle/Desktop/Command Center/CineFile/node_modules/@esbuild/freebsd-arm64
88 silly reify mark deleted [
88 silly reify   '/Users/jonathanwerle/Desktop/Command Center/CineFile/node_modules/@esbuild/freebsd-arm64'
88 silly reify ]
89 verbose reify failed optional dependency /Users/jonathanwerle/Desktop/Command Center/CineFile/node_modules/@esbuild/darwin-x64
90 silly reify mark deleted [
90 silly reify   '/Users/jonathanwerle/Desktop/Command Center/CineFile/node_modules/@esbuild/darwin-x64'
90 silly reify ]
91 verbose reify failed optional dependency /Users/jonathanwerle/Desktop/Command Center/CineFile/node_modules/@esbuild/android-x64
92 silly reify mark deleted [
92 silly reify   '/Users/jonathanwerle/Desktop/Command Center/CineFile/node_modules/@esbuild/android-x64'
92 silly reify ]
93 verbose reify failed optional dependency /Users/jonathanwerle/Desktop/Command Center/CineFile/node_modules/@esbuild/android-arm64
94 silly reify mark deleted [
94 silly reify   '/Users/jonathanwerle/Desktop/Command Center/CineFile/node_modules/@esbuild/android-arm64'
94 silly reify ]
95 verbose reify failed optional dependency /Users/jonathanwerle/Desktop/Command Center/CineFile/node_modules/@esbuild/android-arm
96 silly reify mark deleted [
96 silly reify   '/Users/jonathanwerle/Desktop/Command Center/CineFile/node_modules/@esbuild/android-arm'
96 silly reify ]
97 verbose reify failed optional dependency /Users/jonathanwerle/Desktop/Command Center/CineFile/node_modules/@esbuild/aix-ppc64
98 silly reify mark deleted [
98 silly reify   '/Users/jonathanwerle/Desktop/Command Center/CineFile/node_modules/@esbuild/aix-ppc64'
98 silly reify ]
99 http fetch GET 200 https://registry.npmjs.org/npm 329ms
100 http fetch POST 200 https://registry.npmjs.org/-/npm/v1/security/advisories/bulk 217ms
101 silly audit report {
101 silly audit report   esbuild: [
101 silly audit report     {
101 silly audit report       id: 1102341,
101 silly audit report       url: 'https://github.com/advisories/GHSA-67mh-4wv8-2f99',
101 silly audit report       title: 'esbuild enables any website to send any requests to the development server and read the response',
101 silly audit report       severity: 'moderate',
101 silly audit report       vulnerable_versions: '<=0.24.2',
101 silly audit report       cwe: [Array],
101 silly audit report       cvss: [Object]
101 silly audit report     }
101 silly audit report   ]
101 silly audit report }
102 silly packumentCache corgi:https://registry.npmjs.org/esbuild cache-miss
103 http fetch GET 200 https://registry.npmjs.org/esbuild 51ms (cache revalidated)
104 silly packumentCache corgi:https://registry.npmjs.org/esbuild set size:866881 disposed:false
105 silly packumentCache corgi:https://registry.npmjs.org/vite cache-miss
106 http fetch GET 200 https://registry.npmjs.org/vite 108ms (cache revalidated)
107 silly packumentCache corgi:https://registry.npmjs.org/vite set size:2056036 disposed:false
108 silly packumentCache corgi:https://registry.npmjs.org/@vitejs%2fplugin-react cache-miss
109 silly packumentCache corgi:https://registry.npmjs.org/@vitest%2fmocker cache-miss
110 silly packumentCache corgi:https://registry.npmjs.org/vite-node cache-miss
111 silly packumentCache corgi:https://registry.npmjs.org/vite-plugin-pwa cache-miss
112 silly packumentCache corgi:https://registry.npmjs.org/vitest cache-miss
113 http fetch GET 200 https://registry.npmjs.org/@vitejs%2fplugin-react 87ms (cache revalidated)
114 silly packumentCache corgi:https://registry.npmjs.org/@vitejs%2fplugin-react set size:97390 disposed:false
115 http fetch GET 200 https://registry.npmjs.org/@vitest%2fmocker 94ms (cache updated)
116 silly packumentCache corgi:https://registry.npmjs.org/@vitest%2fmocker set size:undefined disposed:false
117 http fetch GET 200 https://registry.npmjs.org/vitest 141ms (cache updated)
118 silly packumentCache corgi:https://registry.npmjs.org/vitest set size:undefined disposed:false
119 http fetch GET 200 https://registry.npmjs.org/vite-plugin-pwa 151ms (cache revalidated)
120 silly packumentCache corgi:https://registry.npmjs.org/vite-plugin-pwa set size:237855 disposed:false
121 http fetch GET 200 https://registry.npmjs.org/vite-node 154ms (cache updated)
122 silly packumentCache corgi:https://registry.npmjs.org/vite-node set size:undefined disposed:false
123 silly ADD
124 silly ADD
125 silly ADD
126 silly ADD
127 silly ADD
128 silly ADD
129 silly ADD
130 silly ADD
131 silly ADD
132 silly ADD
133 silly ADD
134 silly ADD
135 silly ADD
136 silly ADD
137 silly ADD
138 silly ADD
139 silly ADD
140 silly ADD
141 silly ADD
142 silly ADD
143 silly ADD
144 silly ADD
145 silly ADD
146 silly ADD
147 silly ADD
148 silly ADD
149 silly ADD
150 silly ADD
151 silly ADD
152 silly ADD
153 silly ADD
154 silly ADD
155 silly ADD
156 silly ADD
157 silly ADD
158 silly ADD
159 silly ADD
160 silly ADD
161 silly ADD
162 silly ADD
163 silly ADD
164 verbose cwd /Users/jonathanwerle/Desktop/Command Center/CineFile
165 verbose os Darwin 25.0.0
166 verbose node v22.17.0
167 verbose npm  v10.9.2
168 notice
168 notice New [31mmajor[39m version of npm available! [31m10.9.2[39m -> [34m11.5.2[39m
168 notice Changelog: [34mhttps://github.com/npm/cli/releases/tag/v11.5.2[39m
168 notice To update run: [4mnpm install -g npm@11.5.2[24m
168 notice  { force: true, [Symbol(proc-log.meta)]: true }
169 verbose exit 0
170 info ok
