0 verbose cli /usr/local/bin/node /usr/local/bin/npm
1 info using npm@10.9.2
2 info using node@v22.17.0
3 silly config load:file:/usr/local/lib/node_modules/npm/npmrc
4 silly config load:file:/Users/jonathanwerle/Desktop/Command Center/CineFile/.npmrc
5 silly config load:file:/Users/jonathanwerle/.npmrc
6 silly config load:file:/usr/local/etc/npmrc
7 verbose title npm install @types/papaparse
8 verbose argv "install" "--save-dev" "@types/papaparse" "--cache" ".npm-cache"
9 verbose logfile logs-max:10 dir:/Users/jonathanwerle/Desktop/Command Center/CineFile/.npm-cache/_logs/2025-08-20T20_47_21_206Z-
10 verbose logfile /Users/jonathanwerle/Desktop/Command Center/CineFile/.npm-cache/_logs/2025-08-20T20_47_21_206Z-debug-0.log
11 silly logfile done cleaning log files
12 silly packumentCache heap:4345298944 maxSize:1086324736 maxEntrySize:543162368
13 silly idealTree buildDeps
14 silly fetch manifest @types/papaparse@*
15 silly packumentCache full:https://registry.npmjs.org/@types%2fpapaparse cache-miss
16 http fetch GET 200 https://registry.npmjs.org/@types%2fpapaparse 128ms (cache miss)
17 silly packumentCache full:https://registry.npmjs.org/@types%2fpapaparse set size:undefined disposed:false
18 silly placeDep ROOT @types/papaparse@5.3.16 OK for: cinefile@0.1.0 want: *
19 silly reify moves {}
20 silly audit bulk request {
20 silly audit   '@adobe/css-tools': [ '4.4.4' ],
20 silly audit   '@ampproject/remapping': [ '2.3.0' ],
20 silly audit   '@asamuzakjp/css-color': [ '3.2.0' ],
20 silly audit   'lru-cache': [ '10.4.3', '5.1.1' ],
20 silly audit   '@babel/code-frame': [ '7.27.1' ],
20 silly audit   '@babel/compat-data': [ '7.28.0' ],
20 silly audit   '@babel/core': [ '7.28.3' ],
20 silly audit   'convert-source-map': [ '2.0.0', '1.9.0' ],
20 silly audit   semver: [ '6.3.1', '7.7.2' ],
20 silly audit   '@babel/generator': [ '7.28.3' ],
20 silly audit   '@babel/helper-compilation-targets': [ '7.27.2' ],
20 silly audit   '@babel/helper-globals': [ '7.28.0' ],
20 silly audit   '@babel/helper-module-imports': [ '7.27.1' ],
20 silly audit   '@babel/helper-module-transforms': [ '7.28.3' ],
20 silly audit   '@babel/helper-plugin-utils': [ '7.27.1' ],
20 silly audit   '@babel/helper-string-parser': [ '7.27.1' ],
20 silly audit   '@babel/helper-validator-identifier': [ '7.27.1' ],
20 silly audit   '@babel/helper-validator-option': [ '7.27.1' ],
20 silly audit   '@babel/helpers': [ '7.28.3' ],
20 silly audit   '@babel/parser': [ '7.28.3' ],
20 silly audit   '@babel/plugin-transform-react-jsx-self': [ '7.27.1' ],
20 silly audit   '@babel/plugin-transform-react-jsx-source': [ '7.27.1' ],
20 silly audit   '@babel/runtime': [ '7.28.3' ],
20 silly audit   '@babel/template': [ '7.27.2' ],
20 silly audit   '@babel/traverse': [ '7.28.3' ],
20 silly audit   '@babel/types': [ '7.28.2' ],
20 silly audit   '@csstools/color-helpers': [ '5.0.2' ],
20 silly audit   '@csstools/css-calc': [ '2.1.4' ],
20 silly audit   '@csstools/css-color-parser': [ '3.0.10' ],
20 silly audit   '@csstools/css-parser-algorithms': [ '3.0.5' ],
20 silly audit   '@csstools/css-tokenizer': [ '3.0.4' ],
20 silly audit   '@emotion/babel-plugin': [ '11.13.5' ],
20 silly audit   '@emotion/cache': [ '11.14.0' ],
20 silly audit   '@emotion/hash': [ '0.9.2' ],
20 silly audit   '@emotion/is-prop-valid': [ '1.3.1' ],
20 silly audit   '@emotion/memoize': [ '0.9.0' ],
20 silly audit   '@emotion/react': [ '11.14.0' ],
20 silly audit   '@emotion/serialize': [ '1.3.3' ],
20 silly audit   '@emotion/sheet': [ '1.4.0' ],
20 silly audit   '@emotion/styled': [ '11.14.1' ],
20 silly audit   '@emotion/unitless': [ '0.10.0' ],
20 silly audit   '@emotion/use-insertion-effect-with-fallbacks': [ '1.2.0' ],
20 silly audit   '@emotion/utils': [ '1.4.2' ],
20 silly audit   '@emotion/weak-memoize': [ '0.4.0' ],
20 silly audit   '@esbuild/aix-ppc64': [ '0.21.5' ],
20 silly audit   '@esbuild/android-arm': [ '0.21.5' ],
20 silly audit   '@esbuild/android-arm64': [ '0.21.5' ],
20 silly audit   '@esbuild/android-x64': [ '0.21.5' ],
20 silly audit   '@esbuild/darwin-arm64': [ '0.21.5' ],
20 silly audit   '@esbuild/darwin-x64': [ '0.21.5' ],
20 silly audit   '@esbuild/freebsd-arm64': [ '0.21.5' ],
20 silly audit   '@esbuild/freebsd-x64': [ '0.21.5' ],
20 silly audit   '@esbuild/linux-arm': [ '0.21.5' ],
20 silly audit   '@esbuild/linux-arm64': [ '0.21.5' ],
20 silly audit   '@esbuild/linux-ia32': [ '0.21.5' ],
20 silly audit   '@esbuild/linux-loong64': [ '0.21.5' ],
20 silly audit   '@esbuild/linux-mips64el': [ '0.21.5' ],
20 silly audit   '@esbuild/linux-ppc64': [ '0.21.5' ],
20 silly audit   '@esbuild/linux-riscv64': [ '0.21.5' ],
20 silly audit   '@esbuild/linux-s390x': [ '0.21.5' ],
20 silly audit   '@esbuild/linux-x64': [ '0.21.5' ],
20 silly audit   '@esbuild/netbsd-x64': [ '0.21.5' ],
20 silly audit   '@esbuild/openbsd-x64': [ '0.21.5' ],
20 silly audit   '@esbuild/sunos-x64': [ '0.21.5' ],
20 silly audit   '@esbuild/win32-arm64': [ '0.21.5' ],
20 silly audit   '@esbuild/win32-ia32': [ '0.21.5' ],
20 silly audit   '@esbuild/win32-x64': [ '0.21.5' ],
20 silly audit   '@eslint-community/eslint-utils': [ '4.7.0' ],
20 silly audit   '@eslint-community/regexpp': [ '4.12.1' ],
20 silly audit   '@eslint/config-array': [ '0.21.0' ],
20 silly audit   'brace-expansion': [ '1.1.12', '2.0.2' ],
20 silly audit   minimatch: [ '3.1.2', '9.0.5' ],
20 silly audit   '@eslint/config-helpers': [ '0.3.1' ],
20 silly audit   '@eslint/core': [ '0.15.2' ],
20 silly audit   '@eslint/eslintrc': [ '3.3.1' ],
20 silly audit   ignore: [ '5.3.2', '7.0.5' ],
20 silly audit   '@eslint/js': [ '9.33.0' ],
20 silly audit   '@eslint/object-schema': [ '2.1.6' ],
20 silly audit   '@eslint/plugin-kit': [ '0.3.5' ],
20 silly audit   '@humanfs/core': [ '0.19.1' ],
20 silly audit   '@humanfs/node': [ '0.16.6' ],
20 silly audit   '@humanwhocodes/retry': [ '0.3.1', '0.4.3' ],
20 silly audit   '@humanwhocodes/module-importer': [ '1.0.1' ],
20 silly audit   '@jridgewell/gen-mapping': [ '0.3.13' ],
20 silly audit   '@jridgewell/resolve-uri': [ '3.1.2' ],
20 silly audit   '@jridgewell/sourcemap-codec': [ '1.5.5' ],
20 silly audit   '@jridgewell/trace-mapping': [ '0.3.30' ],
20 silly audit   '@mui/core-downloads-tracker': [ '6.5.0' ],
20 silly audit   '@mui/icons-material': [ '6.5.0' ],
20 silly audit   '@mui/material': [ '6.5.0' ],
20 silly audit   '@mui/private-theming': [ '6.4.9', '7.3.1' ],
20 silly audit   '@mui/styled-engine': [ '6.5.0', '7.3.1' ],
20 silly audit   '@mui/system': [ '6.5.0', '7.3.1' ],
20 silly audit   '@mui/types': [ '7.4.5', '7.2.24' ],
20 silly audit   '@mui/utils': [ '7.3.1', '6.4.9' ],
20 silly audit   '@mui/x-data-grid': [ '7.29.9' ],
20 silly audit   '@mui/x-internals': [ '7.29.0' ],
20 silly audit   '@nodelib/fs.scandir': [ '2.1.5' ],
20 silly audit   '@nodelib/fs.stat': [ '2.0.5' ],
20 silly audit   '@nodelib/fs.walk': [ '1.2.8' ],
20 silly audit   '@popperjs/core': [ '2.11.8' ],
20 silly audit   '@remix-run/router': [ '1.23.0' ],
20 silly audit   '@rolldown/pluginutils': [ '1.0.0-beta.27' ],
20 silly audit   '@rollup/rollup-android-arm-eabi': [ '4.46.4' ],
20 silly audit   '@rollup/rollup-android-arm64': [ '4.46.4' ],
20 silly audit   '@rollup/rollup-darwin-arm64': [ '4.46.4' ],
20 silly audit   '@rollup/rollup-darwin-x64': [ '4.46.4' ],
20 silly audit   '@rollup/rollup-freebsd-arm64': [ '4.46.4' ],
20 silly audit   '@rollup/rollup-freebsd-x64': [ '4.46.4' ],
20 silly audit   '@rollup/rollup-linux-arm-gnueabihf': [ '4.46.4' ],
20 silly audit   '@rollup/rollup-linux-arm-musleabihf': [ '4.46.4' ],
20 silly audit   '@rollup/rollup-linux-arm64-gnu': [ '4.46.4' ],
20 silly audit   '@rollup/rollup-linux-arm64-musl': [ '4.46.4' ],
20 silly audit   '@rollup/rollup-linux-loongarch64-gnu': [ '4.46.4' ],
20 silly audit   '@rollup/rollup-linux-ppc64-gnu': [ '4.46.4' ],
20 silly audit   '@rollup/rollup-linux-riscv64-gnu': [ '4.46.4' ],
20 silly audit   '@rollup/rollup-linux-riscv64-musl': [ '4.46.4' ],
20 silly audit   '@rollup/rollup-linux-s390x-gnu': [ '4.46.4' ],
20 silly audit   '@rollup/rollup-linux-x64-gnu': [ '4.46.4' ],
20 silly audit   '@rollup/rollup-linux-x64-musl': [ '4.46.4' ],
20 silly audit   '@rollup/rollup-win32-arm64-msvc': [ '4.46.4' ],
20 silly audit   '@rollup/rollup-win32-ia32-msvc': [ '4.46.4' ],
20 silly audit   '@rollup/rollup-win32-x64-msvc': [ '4.46.4' ],
20 silly audit   '@testing-library/jest-dom': [ '6.7.0' ],
20 silly audit   '@types/babel__core': [ '7.20.5' ],
20 silly audit   '@types/babel__generator': [ '7.27.0' ],
20 silly audit   '@types/babel__template': [ '7.4.4' ],
20 silly audit   '@types/babel__traverse': [ '7.28.0' ],
20 silly audit   '@types/estree': [ '1.0.8' ],
20 silly audit   '@types/json-schema': [ '7.0.15' ],
20 silly audit   '@types/node': [ '22.17.2' ],
20 silly audit   '@types/parse-json': [ '4.0.2' ],
20 silly audit   '@types/prop-types': [ '15.7.15' ],
20 silly audit   '@types/react': [ '18.3.23' ],
20 silly audit   '@types/react-dom': [ '18.3.7' ],
20 silly audit   '@types/react-transition-group': [ '4.4.12' ],
20 silly audit   '@typescript-eslint/eslint-plugin': [ '8.40.0' ],
20 silly audit   '@typescript-eslint/parser': [ '8.40.0' ],
20 silly audit   '@typescript-eslint/project-service': [ '8.40.0' ],
20 silly audit   '@typescript-eslint/scope-manager': [ '8.40.0' ],
20 silly audit   '@typescript-eslint/tsconfig-utils': [ '8.40.0' ],
20 silly audit   '@typescript-eslint/type-utils': [ '8.40.0' ],
20 silly audit   '@typescript-eslint/types': [ '8.40.0' ],
20 silly audit   '@typescript-eslint/typescript-estree': [ '8.40.0' ],
20 silly audit   '@typescript-eslint/utils': [ '8.40.0' ],
20 silly audit   '@typescript-eslint/visitor-keys': [ '8.40.0' ],
20 silly audit   'eslint-visitor-keys': [ '4.2.1', '3.4.3' ],
20 silly audit   '@vitejs/plugin-react': [ '4.7.0' ],
20 silly audit   '@vitest/expect': [ '2.1.9' ],
20 silly audit   '@vitest/mocker': [ '2.1.9' ],
20 silly audit   '@vitest/pretty-format': [ '2.1.9' ],
20 silly audit   '@vitest/runner': [ '2.1.9' ],
20 silly audit   '@vitest/snapshot': [ '2.1.9' ],
20 silly audit   '@vitest/spy': [ '2.1.9' ],
20 silly audit   '@vitest/utils': [ '2.1.9' ],
20 silly audit   acorn: [ '8.15.0' ],
20 silly audit   'acorn-jsx': [ '5.3.2' ],
20 silly audit   'agent-base': [ '7.1.4' ],
20 silly audit   ajv: [ '6.12.6' ],
20 silly audit   'ansi-styles': [ '4.3.0' ],
20 silly audit   argparse: [ '2.0.1' ],
20 silly audit   'aria-query': [ '5.3.2' ],
20 silly audit   'assertion-error': [ '2.0.1' ],
20 silly audit   asynckit: [ '0.4.0' ],
20 silly audit   axios: [ '1.11.0' ],
20 silly audit   'babel-plugin-macros': [ '3.1.0' ],
20 silly audit   'balanced-match': [ '1.0.2' ],
20 silly audit   braces: [ '3.0.3' ],
20 silly audit   browserslist: [ '4.25.3' ],
20 silly audit   cac: [ '6.7.14' ],
20 silly audit   'call-bind-apply-helpers': [ '1.0.2' ],
20 silly audit   callsites: [ '3.1.0' ],
20 silly audit   'caniuse-lite': [ '1.0.30001735' ],
20 silly audit   chai: [ '5.3.1' ],
20 silly audit   chalk: [ '4.1.2' ],
20 silly audit   'check-error': [ '2.1.1' ],
20 silly audit   clsx: [ '2.1.1' ],
20 silly audit   'color-convert': [ '2.0.1' ],
20 silly audit   'color-name': [ '1.1.4' ],
20 silly audit   'combined-stream': [ '1.0.8' ],
20 silly audit   'concat-map': [ '0.0.1' ],
20 silly audit   cosmiconfig: [ '7.1.0' ],
20 silly audit   'cross-spawn': [ '7.0.6' ],
20 silly audit   'css.escape': [ '1.5.1' ],
20 silly audit   cssstyle: [ '4.6.0' ],
20 silly audit   'rrweb-cssom': [ '0.8.0', '0.7.1' ],
20 silly audit   csstype: [ '3.1.3' ],
20 silly audit   'data-urls': [ '5.0.0' ],
20 silly audit   'date-fns': [ '3.6.0' ],
20 silly audit   debug: [ '4.4.1' ],
20 silly audit   'decimal.js': [ '10.6.0' ],
20 silly audit   'deep-eql': [ '5.0.2' ],
20 silly audit   'deep-is': [ '0.1.4' ],
20 silly audit   'delayed-stream': [ '1.0.0' ],
20 silly audit   dexie: [ '4.2.0' ],
20 silly audit   'dexie-react-hooks': [ '1.1.7' ],
20 silly audit   'dom-accessibility-api': [ '0.6.3' ],
20 silly audit   'dom-helpers': [ '5.2.1' ],
20 silly audit   'dunder-proto': [ '1.0.1' ],
20 silly audit   'electron-to-chromium': [ '1.5.207' ],
20 silly audit   entities: [ '6.0.1' ],
20 silly audit   'error-ex': [ '1.3.2' ],
20 silly audit   'es-define-property': [ '1.0.1' ],
20 silly audit   'es-errors': [ '1.3.0' ],
20 silly audit   'es-module-lexer': [ '1.7.0' ],
20 silly audit   'es-object-atoms': [ '1.1.1' ],
20 silly audit   'es-set-tostringtag': [ '2.1.0' ],
20 silly audit   esbuild: [ '0.21.5' ],
20 silly audit   escalade: [ '3.2.0' ],
20 silly audit   'escape-string-regexp': [ '4.0.0' ],
20 silly audit   eslint: [ '9.33.0' ],
20 silly audit   'eslint-config-prettier': [ '9.1.2' ],
20 silly audit   'eslint-plugin-react-hooks': [ '5.2.0' ],
20 silly audit   'eslint-plugin-react-refresh': [ '0.4.20' ],
20 silly audit   'eslint-scope': [ '8.4.0' ],
20 silly audit   espree: [ '10.4.0' ],
20 silly audit   esquery: [ '1.6.0' ],
20 silly audit   esrecurse: [ '4.3.0' ],
20 silly audit   estraverse: [ '5.3.0' ],
20 silly audit   'estree-walker': [ '3.0.3' ],
20 silly audit   esutils: [ '2.0.3' ],
20 silly audit   'expect-type': [ '1.2.2' ],
20 silly audit   'fast-deep-equal': [ '3.1.3' ],
20 silly audit   'fast-glob': [ '3.3.3' ],
20 silly audit   'glob-parent': [ '5.1.2', '6.0.2' ],
20 silly audit   'fast-json-stable-stringify': [ '2.1.0' ],
20 silly audit   'fast-levenshtein': [ '2.0.6' ],
20 silly audit   fastq: [ '1.19.1' ],
20 silly audit   'file-entry-cache': [ '8.0.0' ],
20 silly audit   'fill-range': [ '7.1.1' ],
20 silly audit   'find-root': [ '1.1.0' ],
20 silly audit   'find-up': [ '5.0.0' ],
20 silly audit   'flat-cache': [ '4.0.1' ],
20 silly audit   flatted: [ '3.3.3' ],
20 silly audit   'follow-redirects': [ '1.15.11' ],
20 silly audit   'form-data': [ '4.0.4' ],
20 silly audit   fsevents: [ '2.3.3' ],
20 silly audit   'function-bind': [ '1.1.2' ],
20 silly audit   gensync: [ '1.0.0-beta.2' ],
20 silly audit   'get-intrinsic': [ '1.3.0' ],
20 silly audit   'get-proto': [ '1.0.1' ],
20 silly audit   globals: [ '14.0.0' ],
20 silly audit   gopd: [ '1.2.0' ],
20 silly audit   graphemer: [ '1.4.0' ],
20 silly audit   'has-flag': [ '4.0.0' ],
20 silly audit   'has-symbols': [ '1.1.0' ],
20 silly audit   'has-tostringtag': [ '1.0.2' ],
20 silly audit   hasown: [ '2.0.2' ],
20 silly audit   'hoist-non-react-statics': [ '3.3.2' ],
20 silly audit   'react-is': [ '16.13.1', '19.1.1' ],
20 silly audit   'html-encoding-sniffer': [ '4.0.0' ],
20 silly audit   'http-proxy-agent': [ '7.0.2' ],
20 silly audit   'https-proxy-agent': [ '7.0.6' ],
20 silly audit   'iconv-lite': [ '0.6.3' ],
20 silly audit   'import-fresh': [ '3.3.1' ],
20 silly audit   imurmurhash: [ '0.1.4' ],
20 silly audit   'indent-string': [ '4.0.0' ],
20 silly audit   'is-arrayish': [ '0.2.1' ],
20 silly audit   'is-core-module': [ '2.16.1' ],
20 silly audit   'is-extglob': [ '2.1.1' ],
20 silly audit   'is-glob': [ '4.0.3' ],
20 silly audit   'is-number': [ '7.0.0' ],
20 silly audit   'is-potential-custom-element-name': [ '1.0.1' ],
20 silly audit   isexe: [ '2.0.0' ],
20 silly audit   'js-tokens': [ '4.0.0' ],
20 silly audit   'js-yaml': [ '4.1.0' ],
20 silly audit   jsdom: [ '25.0.1' ],
20 silly audit   jsesc: [ '3.1.0' ],
20 silly audit   'json-buffer': [ '3.0.1' ],
20 silly audit   'json-parse-even-better-errors': [ '2.3.1' ],
20 silly audit   'json-schema-traverse': [ '0.4.1' ],
20 silly audit   'json-stable-stringify-without-jsonify': [ '1.0.1' ],
20 silly audit   json5: [ '2.2.3' ],
20 silly audit   keyv: [ '4.5.4' ],
20 silly audit   levn: [ '0.4.1' ],
20 silly audit   'lines-and-columns': [ '1.2.4' ],
20 silly audit   'locate-path': [ '6.0.0' ],
20 silly audit   'lodash.merge': [ '4.6.2' ],
20 silly audit   'loose-envify': [ '1.4.0' ],
20 silly audit   loupe: [ '3.2.0' ],
20 silly audit   'magic-string': [ '0.30.17' ],
20 silly audit   'math-intrinsics': [ '1.1.0' ],
20 silly audit   merge2: [ '1.4.1' ],
20 silly audit   micromatch: [ '4.0.8' ],
20 silly audit   'mime-db': [ '1.52.0' ],
20 silly audit   'mime-types': [ '2.1.35' ],
20 silly audit   'min-indent': [ '1.0.1' ],
20 silly audit   ms: [ '2.1.3' ],
20 silly audit   nanoid: [ '3.3.11' ],
20 silly audit   'natural-compare': [ '1.4.0' ],
20 silly audit   'node-releases': [ '2.0.19' ],
20 silly audit   nwsapi: [ '2.2.21' ],
20 silly audit   'object-assign': [ '4.1.1' ],
20 silly audit   optionator: [ '0.9.4' ],
20 silly audit   'p-limit': [ '3.1.0' ],
20 silly audit   'p-locate': [ '5.0.0' ],
20 silly audit   papaparse: [ '5.5.3' ],
20 silly audit   'parent-module': [ '1.0.1' ],
20 silly audit   'parse-json': [ '5.2.0' ],
20 silly audit   parse5: [ '7.3.0' ],
20 silly audit   'path-exists': [ '4.0.0' ],
20 silly audit   'path-key': [ '3.1.1' ],
20 silly audit   'path-parse': [ '1.0.7' ],
20 silly audit   'path-type': [ '4.0.0' ],
20 silly audit   pathe: [ '1.1.2' ],
20 silly audit   pathval: [ '2.0.1' ],
20 silly audit   picocolors: [ '1.1.1' ],
20 silly audit   picomatch: [ '2.3.1' ],
20 silly audit   postcss: [ '8.5.6' ],
20 silly audit   'prelude-ls': [ '1.2.1' ],
20 silly audit   prettier: [ '3.6.2' ],
20 silly audit   'prop-types': [ '15.8.1' ],
20 silly audit   'proxy-from-env': [ '1.1.0' ],
20 silly audit   punycode: [ '2.3.1' ],
20 silly audit   'queue-microtask': [ '1.2.3' ],
20 silly audit   react: [ '18.3.1' ],
20 silly audit   'react-dom': [ '18.3.1' ],
20 silly audit   'react-refresh': [ '0.17.0' ],
20 silly audit   'react-router': [ '6.30.1' ],
20 silly audit   'react-router-dom': [ '6.30.1' ],
20 silly audit   'react-transition-group': [ '4.4.5' ],
20 silly audit   redent: [ '3.0.0' ],
20 silly audit   reselect: [ '5.1.1' ],
20 silly audit   resolve: [ '1.22.10' ],
20 silly audit   'resolve-from': [ '4.0.0' ],
20 silly audit   reusify: [ '1.1.0' ],
20 silly audit   rollup: [ '4.46.4' ],
20 silly audit   'run-parallel': [ '1.2.0' ],
20 silly audit   'safer-buffer': [ '2.1.2' ],
20 silly audit   saxes: [ '6.0.0' ],
20 silly audit   scheduler: [ '0.23.2' ],
20 silly audit   'shebang-command': [ '2.0.0' ],
20 silly audit   'shebang-regex': [ '3.0.0' ],
20 silly audit   siginfo: [ '2.0.0' ],
20 silly audit   'source-map': [ '0.5.7' ],
20 silly audit   'source-map-js': [ '1.2.1' ],
20 silly audit   stackback: [ '0.0.2' ],
20 silly audit   'std-env': [ '3.9.0' ],
20 silly audit   'strip-indent': [ '3.0.0' ],
20 silly audit   'strip-json-comments': [ '3.1.1' ],
20 silly audit   stylis: [ '4.2.0' ],
20 silly audit   'supports-color': [ '7.2.0' ],
20 silly audit   'supports-preserve-symlinks-flag': [ '1.0.0' ],
20 silly audit   'symbol-tree': [ '3.2.4' ],
20 silly audit   tinybench: [ '2.9.0' ],
20 silly audit   tinyexec: [ '0.3.2' ],
20 silly audit   tinypool: [ '1.1.1' ],
20 silly audit   tinyrainbow: [ '1.2.0' ],
20 silly audit   tinyspy: [ '3.0.2' ],
20 silly audit   tldts: [ '6.1.86' ],
20 silly audit   'tldts-core': [ '6.1.86' ],
20 silly audit   'to-regex-range': [ '5.0.1' ],
20 silly audit   'tough-cookie': [ '5.1.2' ],
20 silly audit   tr46: [ '5.1.1' ],
20 silly audit   'ts-api-utils': [ '2.1.0' ],
20 silly audit   'type-check': [ '0.4.0' ],
20 silly audit   typescript: [ '5.9.2' ],
20 silly audit   'undici-types': [ '6.21.0' ],
20 silly audit   'update-browserslist-db': [ '1.1.3' ],
20 silly audit   'uri-js': [ '4.4.1' ],
20 silly audit   'use-sync-external-store': [ '1.5.0' ],
20 silly audit   vite: [ '5.4.19' ],
20 silly audit   'vite-node': [ '2.1.9' ],
20 silly audit   vitest: [ '2.1.9' ],
20 silly audit   'w3c-xmlserializer': [ '5.0.0' ],
20 silly audit   'webidl-conversions': [ '7.0.0' ],
20 silly audit   'whatwg-encoding': [ '3.1.1' ],
20 silly audit   'whatwg-mimetype': [ '4.0.0' ],
20 silly audit   'whatwg-url': [ '14.2.0' ],
20 silly audit   which: [ '2.0.2' ],
20 silly audit   'why-is-node-running': [ '2.3.0' ],
20 silly audit   'word-wrap': [ '1.2.5' ],
20 silly audit   ws: [ '8.18.3' ],
20 silly audit   'xml-name-validator': [ '5.0.0' ],
20 silly audit   xmlchars: [ '2.2.0' ],
20 silly audit   yallist: [ '3.1.1' ],
20 silly audit   yaml: [ '1.10.2' ],
20 silly audit   'yocto-queue': [ '0.1.0' ],
20 silly audit   zod: [ '3.25.76' ],
20 silly audit   '@types/papaparse': [ '5.3.16' ]
20 silly audit }
21 verbose reify failed optional dependency /Users/jonathanwerle/Desktop/Command Center/CineFile/node_modules/@rollup/rollup-win32-x64-msvc
22 silly reify mark deleted [
22 silly reify   '/Users/jonathanwerle/Desktop/Command Center/CineFile/node_modules/@rollup/rollup-win32-x64-msvc'
22 silly reify ]
23 verbose reify failed optional dependency /Users/jonathanwerle/Desktop/Command Center/CineFile/node_modules/@rollup/rollup-win32-ia32-msvc
24 silly reify mark deleted [
24 silly reify   '/Users/jonathanwerle/Desktop/Command Center/CineFile/node_modules/@rollup/rollup-win32-ia32-msvc'
24 silly reify ]
25 verbose reify failed optional dependency /Users/jonathanwerle/Desktop/Command Center/CineFile/node_modules/@rollup/rollup-win32-arm64-msvc
26 silly reify mark deleted [
26 silly reify   '/Users/jonathanwerle/Desktop/Command Center/CineFile/node_modules/@rollup/rollup-win32-arm64-msvc'
26 silly reify ]
27 verbose reify failed optional dependency /Users/jonathanwerle/Desktop/Command Center/CineFile/node_modules/@rollup/rollup-linux-x64-musl
28 silly reify mark deleted [
28 silly reify   '/Users/jonathanwerle/Desktop/Command Center/CineFile/node_modules/@rollup/rollup-linux-x64-musl'
28 silly reify ]
29 verbose reify failed optional dependency /Users/jonathanwerle/Desktop/Command Center/CineFile/node_modules/@rollup/rollup-linux-x64-gnu
30 silly reify mark deleted [
30 silly reify   '/Users/jonathanwerle/Desktop/Command Center/CineFile/node_modules/@rollup/rollup-linux-x64-gnu'
30 silly reify ]
31 verbose reify failed optional dependency /Users/jonathanwerle/Desktop/Command Center/CineFile/node_modules/@rollup/rollup-linux-s390x-gnu
32 silly reify mark deleted [
32 silly reify   '/Users/jonathanwerle/Desktop/Command Center/CineFile/node_modules/@rollup/rollup-linux-s390x-gnu'
32 silly reify ]
33 verbose reify failed optional dependency /Users/jonathanwerle/Desktop/Command Center/CineFile/node_modules/@rollup/rollup-linux-riscv64-musl
34 silly reify mark deleted [
34 silly reify   '/Users/jonathanwerle/Desktop/Command Center/CineFile/node_modules/@rollup/rollup-linux-riscv64-musl'
34 silly reify ]
35 verbose reify failed optional dependency /Users/jonathanwerle/Desktop/Command Center/CineFile/node_modules/@rollup/rollup-linux-riscv64-gnu
36 silly reify mark deleted [
36 silly reify   '/Users/jonathanwerle/Desktop/Command Center/CineFile/node_modules/@rollup/rollup-linux-riscv64-gnu'
36 silly reify ]
37 verbose reify failed optional dependency /Users/jonathanwerle/Desktop/Command Center/CineFile/node_modules/@rollup/rollup-linux-ppc64-gnu
38 silly reify mark deleted [
38 silly reify   '/Users/jonathanwerle/Desktop/Command Center/CineFile/node_modules/@rollup/rollup-linux-ppc64-gnu'
38 silly reify ]
39 verbose reify failed optional dependency /Users/jonathanwerle/Desktop/Command Center/CineFile/node_modules/@rollup/rollup-linux-loongarch64-gnu
40 silly reify mark deleted [
40 silly reify   '/Users/jonathanwerle/Desktop/Command Center/CineFile/node_modules/@rollup/rollup-linux-loongarch64-gnu'
40 silly reify ]
41 verbose reify failed optional dependency /Users/jonathanwerle/Desktop/Command Center/CineFile/node_modules/@rollup/rollup-linux-arm64-musl
42 silly reify mark deleted [
42 silly reify   '/Users/jonathanwerle/Desktop/Command Center/CineFile/node_modules/@rollup/rollup-linux-arm64-musl'
42 silly reify ]
43 verbose reify failed optional dependency /Users/jonathanwerle/Desktop/Command Center/CineFile/node_modules/@rollup/rollup-linux-arm64-gnu
44 silly reify mark deleted [
44 silly reify   '/Users/jonathanwerle/Desktop/Command Center/CineFile/node_modules/@rollup/rollup-linux-arm64-gnu'
44 silly reify ]
45 verbose reify failed optional dependency /Users/jonathanwerle/Desktop/Command Center/CineFile/node_modules/@rollup/rollup-linux-arm-musleabihf
46 silly reify mark deleted [
46 silly reify   '/Users/jonathanwerle/Desktop/Command Center/CineFile/node_modules/@rollup/rollup-linux-arm-musleabihf'
46 silly reify ]
47 verbose reify failed optional dependency /Users/jonathanwerle/Desktop/Command Center/CineFile/node_modules/@rollup/rollup-linux-arm-gnueabihf
48 silly reify mark deleted [
48 silly reify   '/Users/jonathanwerle/Desktop/Command Center/CineFile/node_modules/@rollup/rollup-linux-arm-gnueabihf'
48 silly reify ]
49 verbose reify failed optional dependency /Users/jonathanwerle/Desktop/Command Center/CineFile/node_modules/@rollup/rollup-freebsd-x64
50 silly reify mark deleted [
50 silly reify   '/Users/jonathanwerle/Desktop/Command Center/CineFile/node_modules/@rollup/rollup-freebsd-x64'
50 silly reify ]
51 verbose reify failed optional dependency /Users/jonathanwerle/Desktop/Command Center/CineFile/node_modules/@rollup/rollup-freebsd-arm64
52 silly reify mark deleted [
52 silly reify   '/Users/jonathanwerle/Desktop/Command Center/CineFile/node_modules/@rollup/rollup-freebsd-arm64'
52 silly reify ]
53 verbose reify failed optional dependency /Users/jonathanwerle/Desktop/Command Center/CineFile/node_modules/@rollup/rollup-darwin-x64
54 silly reify mark deleted [
54 silly reify   '/Users/jonathanwerle/Desktop/Command Center/CineFile/node_modules/@rollup/rollup-darwin-x64'
54 silly reify ]
55 verbose reify failed optional dependency /Users/jonathanwerle/Desktop/Command Center/CineFile/node_modules/@rollup/rollup-android-arm64
56 silly reify mark deleted [
56 silly reify   '/Users/jonathanwerle/Desktop/Command Center/CineFile/node_modules/@rollup/rollup-android-arm64'
56 silly reify ]
57 verbose reify failed optional dependency /Users/jonathanwerle/Desktop/Command Center/CineFile/node_modules/@rollup/rollup-android-arm-eabi
58 silly reify mark deleted [
58 silly reify   '/Users/jonathanwerle/Desktop/Command Center/CineFile/node_modules/@rollup/rollup-android-arm-eabi'
58 silly reify ]
59 verbose reify failed optional dependency /Users/jonathanwerle/Desktop/Command Center/CineFile/node_modules/@esbuild/win32-x64
60 silly reify mark deleted [
60 silly reify   '/Users/jonathanwerle/Desktop/Command Center/CineFile/node_modules/@esbuild/win32-x64'
60 silly reify ]
61 verbose reify failed optional dependency /Users/jonathanwerle/Desktop/Command Center/CineFile/node_modules/@esbuild/win32-ia32
62 silly reify mark deleted [
62 silly reify   '/Users/jonathanwerle/Desktop/Command Center/CineFile/node_modules/@esbuild/win32-ia32'
62 silly reify ]
63 verbose reify failed optional dependency /Users/jonathanwerle/Desktop/Command Center/CineFile/node_modules/@esbuild/win32-arm64
64 silly reify mark deleted [
64 silly reify   '/Users/jonathanwerle/Desktop/Command Center/CineFile/node_modules/@esbuild/win32-arm64'
64 silly reify ]
65 verbose reify failed optional dependency /Users/jonathanwerle/Desktop/Command Center/CineFile/node_modules/@esbuild/sunos-x64
66 silly reify mark deleted [
66 silly reify   '/Users/jonathanwerle/Desktop/Command Center/CineFile/node_modules/@esbuild/sunos-x64'
66 silly reify ]
67 verbose reify failed optional dependency /Users/jonathanwerle/Desktop/Command Center/CineFile/node_modules/@esbuild/openbsd-x64
68 silly reify mark deleted [
68 silly reify   '/Users/jonathanwerle/Desktop/Command Center/CineFile/node_modules/@esbuild/openbsd-x64'
68 silly reify ]
69 verbose reify failed optional dependency /Users/jonathanwerle/Desktop/Command Center/CineFile/node_modules/@esbuild/netbsd-x64
70 silly reify mark deleted [
70 silly reify   '/Users/jonathanwerle/Desktop/Command Center/CineFile/node_modules/@esbuild/netbsd-x64'
70 silly reify ]
71 verbose reify failed optional dependency /Users/jonathanwerle/Desktop/Command Center/CineFile/node_modules/@esbuild/linux-x64
72 silly reify mark deleted [
72 silly reify   '/Users/jonathanwerle/Desktop/Command Center/CineFile/node_modules/@esbuild/linux-x64'
72 silly reify ]
73 verbose reify failed optional dependency /Users/jonathanwerle/Desktop/Command Center/CineFile/node_modules/@esbuild/linux-s390x
74 silly reify mark deleted [
74 silly reify   '/Users/jonathanwerle/Desktop/Command Center/CineFile/node_modules/@esbuild/linux-s390x'
74 silly reify ]
75 verbose reify failed optional dependency /Users/jonathanwerle/Desktop/Command Center/CineFile/node_modules/@esbuild/linux-riscv64
76 silly reify mark deleted [
76 silly reify   '/Users/jonathanwerle/Desktop/Command Center/CineFile/node_modules/@esbuild/linux-riscv64'
76 silly reify ]
77 verbose reify failed optional dependency /Users/jonathanwerle/Desktop/Command Center/CineFile/node_modules/@esbuild/linux-ppc64
78 silly reify mark deleted [
78 silly reify   '/Users/jonathanwerle/Desktop/Command Center/CineFile/node_modules/@esbuild/linux-ppc64'
78 silly reify ]
79 verbose reify failed optional dependency /Users/jonathanwerle/Desktop/Command Center/CineFile/node_modules/@esbuild/linux-mips64el
80 silly reify mark deleted [
80 silly reify   '/Users/jonathanwerle/Desktop/Command Center/CineFile/node_modules/@esbuild/linux-mips64el'
80 silly reify ]
81 verbose reify failed optional dependency /Users/jonathanwerle/Desktop/Command Center/CineFile/node_modules/@esbuild/linux-loong64
82 silly reify mark deleted [
82 silly reify   '/Users/jonathanwerle/Desktop/Command Center/CineFile/node_modules/@esbuild/linux-loong64'
82 silly reify ]
83 verbose reify failed optional dependency /Users/jonathanwerle/Desktop/Command Center/CineFile/node_modules/@esbuild/linux-ia32
84 silly reify mark deleted [
84 silly reify   '/Users/jonathanwerle/Desktop/Command Center/CineFile/node_modules/@esbuild/linux-ia32'
84 silly reify ]
85 verbose reify failed optional dependency /Users/jonathanwerle/Desktop/Command Center/CineFile/node_modules/@esbuild/linux-arm64
86 silly reify mark deleted [
86 silly reify   '/Users/jonathanwerle/Desktop/Command Center/CineFile/node_modules/@esbuild/linux-arm64'
86 silly reify ]
87 verbose reify failed optional dependency /Users/jonathanwerle/Desktop/Command Center/CineFile/node_modules/@esbuild/linux-arm
88 silly reify mark deleted [
88 silly reify   '/Users/jonathanwerle/Desktop/Command Center/CineFile/node_modules/@esbuild/linux-arm'
88 silly reify ]
89 verbose reify failed optional dependency /Users/jonathanwerle/Desktop/Command Center/CineFile/node_modules/@esbuild/freebsd-x64
90 silly reify mark deleted [
90 silly reify   '/Users/jonathanwerle/Desktop/Command Center/CineFile/node_modules/@esbuild/freebsd-x64'
90 silly reify ]
91 verbose reify failed optional dependency /Users/jonathanwerle/Desktop/Command Center/CineFile/node_modules/@esbuild/freebsd-arm64
92 silly reify mark deleted [
92 silly reify   '/Users/jonathanwerle/Desktop/Command Center/CineFile/node_modules/@esbuild/freebsd-arm64'
92 silly reify ]
93 verbose reify failed optional dependency /Users/jonathanwerle/Desktop/Command Center/CineFile/node_modules/@esbuild/darwin-x64
94 silly reify mark deleted [
94 silly reify   '/Users/jonathanwerle/Desktop/Command Center/CineFile/node_modules/@esbuild/darwin-x64'
94 silly reify ]
95 verbose reify failed optional dependency /Users/jonathanwerle/Desktop/Command Center/CineFile/node_modules/@esbuild/android-x64
96 silly reify mark deleted [
96 silly reify   '/Users/jonathanwerle/Desktop/Command Center/CineFile/node_modules/@esbuild/android-x64'
96 silly reify ]
97 verbose reify failed optional dependency /Users/jonathanwerle/Desktop/Command Center/CineFile/node_modules/@esbuild/android-arm64
98 silly reify mark deleted [
98 silly reify   '/Users/jonathanwerle/Desktop/Command Center/CineFile/node_modules/@esbuild/android-arm64'
98 silly reify ]
99 verbose reify failed optional dependency /Users/jonathanwerle/Desktop/Command Center/CineFile/node_modules/@esbuild/android-arm
100 silly reify mark deleted [
100 silly reify   '/Users/jonathanwerle/Desktop/Command Center/CineFile/node_modules/@esbuild/android-arm'
100 silly reify ]
101 verbose reify failed optional dependency /Users/jonathanwerle/Desktop/Command Center/CineFile/node_modules/@esbuild/aix-ppc64
102 silly reify mark deleted [
102 silly reify   '/Users/jonathanwerle/Desktop/Command Center/CineFile/node_modules/@esbuild/aix-ppc64'
102 silly reify ]
103 http cache fsevents@https://registry.npmjs.org/fsevents/-/fsevents-2.3.3.tgz 0ms (cache hit)
104 http cache @types/papaparse@https://registry.npmjs.org/@types/papaparse/-/papaparse-5.3.16.tgz 0ms (cache hit)
105 silly tarball no local data for @types/papaparse@https://registry.npmjs.org/@types/papaparse/-/papaparse-5.3.16.tgz. Extracting by manifest.
106 http fetch GET 200 https://registry.npmjs.org/@types/papaparse/-/papaparse-5.3.16.tgz 158ms (cache miss)
107 http fetch POST 200 https://registry.npmjs.org/-/npm/v1/security/advisories/bulk 205ms
108 silly audit report {
108 silly audit report   esbuild: [
108 silly audit report     {
108 silly audit report       id: 1102341,
108 silly audit report       url: 'https://github.com/advisories/GHSA-67mh-4wv8-2f99',
108 silly audit report       title: 'esbuild enables any website to send any requests to the development server and read the response',
108 silly audit report       severity: 'moderate',
108 silly audit report       vulnerable_versions: '<=0.24.2',
108 silly audit report       cwe: [Array],
108 silly audit report       cvss: [Object]
108 silly audit report     }
108 silly audit report   ]
108 silly audit report }
109 silly packumentCache corgi:https://registry.npmjs.org/esbuild cache-miss
110 http cache https://registry.npmjs.org/esbuild 21ms (cache hit)
111 silly packumentCache corgi:https://registry.npmjs.org/esbuild set size:866881 disposed:false
112 silly packumentCache corgi:https://registry.npmjs.org/vite cache-miss
113 http cache https://registry.npmjs.org/vite 3ms (cache hit)
114 silly packumentCache corgi:https://registry.npmjs.org/vite set size:2056036 disposed:false
115 silly packumentCache corgi:https://registry.npmjs.org/@vitejs%2fplugin-react cache-miss
116 silly packumentCache corgi:https://registry.npmjs.org/@vitest%2fmocker cache-miss
117 silly packumentCache corgi:https://registry.npmjs.org/vite-node cache-miss
118 silly packumentCache corgi:https://registry.npmjs.org/vitest cache-miss
119 http cache https://registry.npmjs.org/@vitejs%2fplugin-react 8ms (cache hit)
120 silly packumentCache corgi:https://registry.npmjs.org/@vitejs%2fplugin-react set size:97390 disposed:false
121 http cache https://registry.npmjs.org/vite-node 13ms (cache hit)
122 silly packumentCache corgi:https://registry.npmjs.org/vite-node set size:433840 disposed:false
123 http cache https://registry.npmjs.org/@vitest%2fmocker 14ms (cache hit)
124 silly packumentCache corgi:https://registry.npmjs.org/@vitest%2fmocker set size:56718 disposed:false
125 http cache https://registry.npmjs.org/vitest 15ms (cache hit)
126 silly packumentCache corgi:https://registry.npmjs.org/vitest set size:1110771 disposed:false
127 silly ADD node_modules/@types/papaparse
128 silly ADD node_modules/fsevents
129 silly ADD
130 silly ADD
131 silly ADD
132 silly ADD
133 silly ADD
134 silly ADD
135 silly ADD
136 silly ADD
137 silly ADD
138 silly ADD
139 silly ADD
140 silly ADD
141 silly ADD
142 silly ADD
143 silly ADD
144 silly ADD
145 silly ADD
146 silly ADD
147 silly ADD
148 silly ADD
149 silly ADD
150 silly ADD
151 silly ADD
152 silly ADD
153 silly ADD
154 silly ADD
155 silly ADD
156 silly ADD
157 silly ADD
158 silly ADD
159 silly ADD
160 silly ADD
161 silly ADD
162 silly ADD
163 silly ADD
164 silly ADD
165 silly ADD
166 silly ADD
167 silly ADD
168 silly ADD
169 silly ADD
170 verbose cwd /Users/jonathanwerle/Desktop/Command Center/CineFile
171 verbose os Darwin 25.0.0
172 verbose node v22.17.0
173 verbose npm  v10.9.2
174 verbose exit 0
175 info ok
